<?xml version="1.0" encoding="UTF-8"?>
<!-- Generated by org.testng.reporters.JUnitXMLReporter -->
<testsuite ignored="0" hostname="DESKTOP-4FFJMPG" failures="0" tests="2" name="Surefire test" time="27.183" errors="0" timestamp="2024-07-04T15:45:00 WIB">
  <testcase classname="SwagLabs_Mobile.testing.InvalidLoginTest" name="@BeforeTest setUp" time="16.96">
    <failure type="org.openqa.selenium.SessionNotCreatedException" message="Could not start a new session. Response code 500. Message: An unknown server-side error occurred while processing the command. Original error: Could not proxy command to the remote server. Original error: socket hang up 
Host info: host: &amp;apos;DESKTOP-4FFJMPG&amp;apos;, ip: &amp;apos;172.27.69.231&amp;apos;
Build info: version: &amp;apos;4.20.0&amp;apos;, revision: &amp;apos;866c76ca80&amp;apos;
System info: os.name: &amp;apos;Windows 10&amp;apos;, os.arch: &amp;apos;amd64&amp;apos;, os.version: &amp;apos;10.0&amp;apos;, java.version: &amp;apos;17.0.6&amp;apos;
Driver info: io.appium.java_client.android.AndroidDriver
Command: [null, newSession {desiredCapabilities=Capabilities {app: D:/Kuliah/Synrgy-Bootcamp/C..., appActivity: com.swaglabsmobileapp.MainA..., appPackage: com.swaglabsmobileapp, automationName: UIAutomator2, deviceName: emulator-5554, platformName: ANDROID, platformVersion: 8.0}, capabilities=[{appium:deviceName=emulator-5554, appium:appActivity=com.swaglabsmobileapp.MainActivity, appium:automationName=UIAutomator2, platformName=ANDROID, appium:appPackage=com.swaglabsmobileapp, appium:platformVersion=8.0, appium:app=D:/Kuliah/Synrgy-Bootcamp/Chapter 8/Android.SauceLabs.Mobile.Sample.app.2.7.1.apk}]}]
Capabilities {app: D:/Kuliah/Synrgy-Bootcamp/C..., appActivity: com.swaglabsmobileapp.MainA..., appPackage: com.swaglabsmobileapp, automationName: UIAutomator2, deviceName: emulator-5554, platformName: ANDROID, platformVersion: 8.0}">
      <![CDATA[org.openqa.selenium.SessionNotCreatedException: Could not start a new session. Response code 500. Message: An unknown server-side error occurred while processing the command. Original error: Could not proxy command to the remote server. Original error: socket hang up 
Host info: host: 'DESKTOP-4FFJMPG', ip: '172.27.69.231'
Build info: version: '4.20.0', revision: '866c76ca80'
System info: os.name: 'Windows 10', os.arch: 'amd64', os.version: '10.0', java.version: '17.0.6'
Driver info: io.appium.java_client.android.AndroidDriver
Command: [null, newSession {desiredCapabilities=Capabilities {app: D:/Kuliah/Synrgy-Bootcamp/C..., appActivity: com.swaglabsmobileapp.MainA..., appPackage: com.swaglabsmobileapp, automationName: UIAutomator2, deviceName: emulator-5554, platformName: ANDROID, platformVersion: 8.0}, capabilities=[{appium:deviceName=emulator-5554, appium:appActivity=com.swaglabsmobileapp.MainActivity, appium:automationName=UIAutomator2, platformName=ANDROID, appium:appPackage=com.swaglabsmobileapp, appium:platformVersion=8.0, appium:app=D:/Kuliah/Synrgy-Bootcamp/Chapter 8/Android.SauceLabs.Mobile.Sample.app.2.7.1.apk}]}]
Capabilities {app: D:/Kuliah/Synrgy-Bootcamp/C..., appActivity: com.swaglabsmobileapp.MainA..., appPackage: com.swaglabsmobileapp, automationName: UIAutomator2, deviceName: emulator-5554, platformName: ANDROID, platformVersion: 8.0}
at org.openqa.selenium.remote.ProtocolHandshake.createSession(ProtocolHandshake.java:114)
at io.appium.java_client.remote.AppiumProtocolHandshake.createSession(AppiumProtocolHandshake.java:116)
at io.appium.java_client.remote.AppiumProtocolHandshake.createSession(AppiumProtocolHandshake.java:96)
at io.appium.java_client.remote.AppiumCommandExecutor.createSession(AppiumCommandExecutor.java:176)
at io.appium.java_client.remote.AppiumCommandExecutor.execute(AppiumCommandExecutor.java:237)
at org.openqa.selenium.remote.RemoteWebDriver.execute(RemoteWebDriver.java:518)
at io.appium.java_client.AppiumDriver.startSession(AppiumDriver.java:268)
at org.openqa.selenium.remote.RemoteWebDriver.<init>(RemoteWebDriver.java:161)
at io.appium.java_client.AppiumDriver.<init>(AppiumDriver.java:90)
at io.appium.java_client.AppiumDriver.<init>(AppiumDriver.java:113)
at io.appium.java_client.AppiumDriver.<init>(AppiumDriver.java:138)
at io.appium.java_client.android.AndroidDriver.<init>(AndroidDriver.java:232)
at SwagLabs_Mobile.testing.InvalidLoginTest.setUp(InvalidLoginTest.java:25)
... Removed 33 stack frames]]>
    </failure>
  </testcase> <!-- @BeforeTest setUp -->
  <testcase classname="SwagLabs_Mobile.testing.ValidLoginTest" name="@BeforeTest setUp" time="0.0">
    <skipped/>
  </testcase> <!-- @BeforeTest setUp -->
  <testcase classname="io.cucumber.testng.AbstractTestNGCucumberTests" name="@BeforeClass setUpClass" time="10.163">
    <failure type="org.openqa.selenium.SessionNotCreatedException" message="Could not start a new session. Response code 404. Message: The session identified by f53a071a-fe24-4b40-ad2b-69d0c3a39c93 is not known 
Host info: host: &amp;apos;DESKTOP-4FFJMPG&amp;apos;, ip: &amp;apos;172.27.69.231&amp;apos;
Build info: version: &amp;apos;4.20.0&amp;apos;, revision: &amp;apos;866c76ca80&amp;apos;
System info: os.name: &amp;apos;Windows 10&amp;apos;, os.arch: &amp;apos;amd64&amp;apos;, os.version: &amp;apos;10.0&amp;apos;, java.version: &amp;apos;17.0.6&amp;apos;
Driver info: io.appium.java_client.android.AndroidDriver
Command: [null, newSession {desiredCapabilities=Capabilities {app: D:/Kuliah/Synrgy-Bootcamp/C..., appActivity: com.swaglabsmobileapp.MainA..., appPackage: com.swaglabsmobileapp, automationName: UIAutomator2, deviceName: emulator-5554, platformName: ANDROID, platformVersion: 8.0}, capabilities=[{appium:deviceName=emulator-5554, appium:appActivity=com.swaglabsmobileapp.MainActivity, appium:automationName=UIAutomator2, platformName=ANDROID, appium:appPackage=com.swaglabsmobileapp, appium:platformVersion=8.0, appium:app=D:/Kuliah/Synrgy-Bootcamp/Chapter 8/Android.SauceLabs.Mobile.Sample.app.2.7.1.apk}]}]
Capabilities {app: D:/Kuliah/Synrgy-Bootcamp/C..., appActivity: com.swaglabsmobileapp.MainA..., appPackage: com.swaglabsmobileapp, automationName: UIAutomator2, deviceName: emulator-5554, platformName: ANDROID, platformVersion: 8.0}">
      <![CDATA[org.openqa.selenium.SessionNotCreatedException: Could not start a new session. Response code 404. Message: The session identified by f53a071a-fe24-4b40-ad2b-69d0c3a39c93 is not known 
Host info: host: 'DESKTOP-4FFJMPG', ip: '172.27.69.231'
Build info: version: '4.20.0', revision: '866c76ca80'
System info: os.name: 'Windows 10', os.arch: 'amd64', os.version: '10.0', java.version: '17.0.6'
Driver info: io.appium.java_client.android.AndroidDriver
Command: [null, newSession {desiredCapabilities=Capabilities {app: D:/Kuliah/Synrgy-Bootcamp/C..., appActivity: com.swaglabsmobileapp.MainA..., appPackage: com.swaglabsmobileapp, automationName: UIAutomator2, deviceName: emulator-5554, platformName: ANDROID, platformVersion: 8.0}, capabilities=[{appium:deviceName=emulator-5554, appium:appActivity=com.swaglabsmobileapp.MainActivity, appium:automationName=UIAutomator2, platformName=ANDROID, appium:appPackage=com.swaglabsmobileapp, appium:platformVersion=8.0, appium:app=D:/Kuliah/Synrgy-Bootcamp/Chapter 8/Android.SauceLabs.Mobile.Sample.app.2.7.1.apk}]}]
Capabilities {app: D:/Kuliah/Synrgy-Bootcamp/C..., appActivity: com.swaglabsmobileapp.MainA..., appPackage: com.swaglabsmobileapp, automationName: UIAutomator2, deviceName: emulator-5554, platformName: ANDROID, platformVersion: 8.0}
at org.openqa.selenium.remote.ProtocolHandshake.createSession(ProtocolHandshake.java:114)
at io.appium.java_client.remote.AppiumProtocolHandshake.createSession(AppiumProtocolHandshake.java:116)
at io.appium.java_client.remote.AppiumProtocolHandshake.createSession(AppiumProtocolHandshake.java:96)
at io.appium.java_client.remote.AppiumCommandExecutor.createSession(AppiumCommandExecutor.java:176)
at io.appium.java_client.remote.AppiumCommandExecutor.execute(AppiumCommandExecutor.java:237)
at org.openqa.selenium.remote.RemoteWebDriver.execute(RemoteWebDriver.java:518)
at io.appium.java_client.AppiumDriver.startSession(AppiumDriver.java:268)
at org.openqa.selenium.remote.RemoteWebDriver.<init>(RemoteWebDriver.java:161)
at io.appium.java_client.AppiumDriver.<init>(AppiumDriver.java:90)
at io.appium.java_client.AppiumDriver.<init>(AppiumDriver.java:113)
at io.appium.java_client.AppiumDriver.<init>(AppiumDriver.java:138)
at io.appium.java_client.android.AndroidDriver.<init>(AndroidDriver.java:232)
at SwagLabs_Mobile.testing.ValidLoginTest.setUp(ValidLoginTest.java:27)
at SwagLabs_Mobile.CucumberHooks.setUp(CucumberHooks.java:11)
... Removed 4 stack frames]]>
    </failure>
  </testcase> <!-- @BeforeClass setUpClass -->
  <testcase classname="SwagLabs_Mobile.testing.InvalidLoginTest" name="@AfterTest tearDown" time="0.0">
    <skipped/>
  </testcase> <!-- @AfterTest tearDown -->
  <testcase classname="SwagLabs_Mobile.testing.ValidLoginTest" name="@AfterTest tearDown" time="0.0">
    <skipped/>
  </testcase> <!-- @AfterTest tearDown -->
  <testcase classname="SwagLabs_Mobile.testing.InvalidLoginTest" name="testLogin" time="0.0">
    <skipped/>
  </testcase> <!-- testLogin -->
  <testcase classname="SwagLabs_Mobile.testing.ValidLoginTest" name="testLogin" time="0.0">
    <skipped/>
  </testcase> <!-- testLogin -->
</testsuite> <!-- Surefire test -->
