<?xml version="1.0" encoding="UTF-8"?>
<testsuite xmlns:xsi="http://www.w3.org/2001/XMLSchema-instance" xsi:noNamespaceSchemaLocation="https://maven.apache.org/surefire/maven-surefire-plugin/xsd/surefire-test-report-3.0.xsd" version="3.0" name="TestSuite" time="27.939" tests="7" errors="0" skipped="5" failures="2">
  <properties>
[...]
</properties>
  <testcase name="setUp" classname="SwagLabs_Mobile.testing.InvalidLoginTest" time="17.457">
    <failure message="Could not start a new session. Response code 500. Message: An unknown server-side error occurred while processing the command. Original error: Could not proxy command to the remote server. Original error: socket hang up &#10;Host info: host: &apos;DESKTOP-4FFJMPG&apos;, ip: &apos;172.27.69.231&apos;&#10;Build info: version: &apos;4.20.0&apos;, revision: &apos;866c76ca80&apos;&#10;System info: os.name: &apos;Windows 10&apos;, os.arch: &apos;amd64&apos;, os.version: &apos;10.0&apos;, java.version: &apos;17.0.6&apos;&#10;Driver info: io.appium.java_client.android.AndroidDriver&#10;Command: [null, newSession {desiredCapabilities=Capabilities {app: D:/Kuliah/Synrgy-Bootcamp/C..., appActivity: com.swaglabsmobileapp.MainA..., appPackage: com.swaglabsmobileapp, automationName: UIAutomator2, deviceName: emulator-5554, platformName: ANDROID, platformVersion: 8.0}, capabilities=[{appium:deviceName=emulator-5554, appium:appActivity=com.swaglabsmobileapp.MainActivity, appium:automationName=UIAutomator2, platformName=ANDROID, appium:appPackage=com.swaglabsmobileapp, appium:platformVersion=8.0, appium:app=D:/Kuliah/Synrgy-Bootcamp/Chapter 8/Android.SauceLabs.Mobile.Sample.app.2.7.1.apk}]}]&#10;Capabilities {app: D:/Kuliah/Synrgy-Bootcamp/C..., appActivity: com.swaglabsmobileapp.MainA..., appPackage: com.swaglabsmobileapp, automationName: UIAutomator2, deviceName: emulator-5554, platformName: ANDROID, platformVersion: 8.0}" type="org.openqa.selenium.SessionNotCreatedException"><![CDATA[org.openqa.selenium.SessionNotCreatedException: 
Could not start a new session. Response code 500. Message: An unknown server-side error occurred while processing the command. Original error: Could not proxy command to the remote server. Original error: socket hang up 
Host info: host: 'DESKTOP-4FFJMPG', ip: '172.27.69.231'
Build info: version: '4.20.0', revision: '866c76ca80'
System info: os.name: 'Windows 10', os.arch: 'amd64', os.version: '10.0', java.version: '17.0.6'
Driver info: io.appium.java_client.android.AndroidDriver
Command: [null, newSession {desiredCapabilities=Capabilities {app: D:/Kuliah/Synrgy-Bootcamp/C..., appActivity: com.swaglabsmobileapp.MainA..., appPackage: com.swaglabsmobileapp, automationName: UIAutomator2, deviceName: emulator-5554, platformName: ANDROID, platformVersion: 8.0}, capabilities=[{appium:deviceName=emulator-5554, appium:appActivity=com.swaglabsmobileapp.MainActivity, appium:automationName=UIAutomator2, platformName=ANDROID, appium:appPackage=com.swaglabsmobileapp, appium:platformVersion=8.0, appium:app=D:/Kuliah/Synrgy-Bootcamp/Chapter 8/Android.SauceLabs.Mobile.Sample.app.2.7.1.apk}]}]
Capabilities {app: D:/Kuliah/Synrgy-Bootcamp/C..., appActivity: com.swaglabsmobileapp.MainA..., appPackage: com.swaglabsmobileapp, automationName: UIAutomator2, deviceName: emulator-5554, platformName: ANDROID, platformVersion: 8.0}
	at org.openqa.selenium.remote.ProtocolHandshake.createSession(ProtocolHandshake.java:114)
	at java.base/jdk.internal.reflect.NativeMethodAccessorImpl.invoke0(Native Method)
	at java.base/jdk.internal.reflect.NativeMethodAccessorImpl.invoke(NativeMethodAccessorImpl.java:77)
	at java.base/jdk.internal.reflect.DelegatingMethodAccessorImpl.invoke(DelegatingMethodAccessorImpl.java:43)
	at java.base/java.lang.reflect.Method.invoke(Method.java:568)
	at io.appium.java_client.remote.AppiumProtocolHandshake.createSession(AppiumProtocolHandshake.java:116)
	at io.appium.java_client.remote.AppiumProtocolHandshake.createSession(AppiumProtocolHandshake.java:96)
	at io.appium.java_client.remote.AppiumCommandExecutor.createSession(AppiumCommandExecutor.java:176)
	at io.appium.java_client.remote.AppiumCommandExecutor.execute(AppiumCommandExecutor.java:237)
	at org.openqa.selenium.remote.RemoteWebDriver.execute(RemoteWebDriver.java:518)
	at io.appium.java_client.AppiumDriver.startSession(AppiumDriver.java:268)
	at org.openqa.selenium.remote.RemoteWebDriver.<init>(RemoteWebDriver.java:161)
	at io.appium.java_client.AppiumDriver.<init>(AppiumDriver.java:90)
	at io.appium.java_client.AppiumDriver.<init>(AppiumDriver.java:113)
	at io.appium.java_client.AppiumDriver.<init>(AppiumDriver.java:138)
	at io.appium.java_client.android.AndroidDriver.<init>(AndroidDriver.java:232)
	at SwagLabs_Mobile.testing.InvalidLoginTest.setUp(InvalidLoginTest.java:25)
	at java.base/jdk.internal.reflect.NativeMethodAccessorImpl.invoke0(Native Method)
	at java.base/jdk.internal.reflect.NativeMethodAccessorImpl.invoke(NativeMethodAccessorImpl.java:77)
	at java.base/jdk.internal.reflect.DelegatingMethodAccessorImpl.invoke(DelegatingMethodAccessorImpl.java:43)
	at java.base/java.lang.reflect.Method.invoke(Method.java:568)
	at org.testng.internal.invokers.MethodInvocationHelper.invokeMethod(MethodInvocationHelper.java:139)
	at org.testng.internal.invokers.MethodInvocationHelper.invokeMethodConsideringTimeout(MethodInvocationHelper.java:69)
	at org.testng.internal.invokers.ConfigInvoker.invokeConfigurationMethod(ConfigInvoker.java:393)
	at org.testng.internal.invokers.ConfigInvoker.invokeConfigurations(ConfigInvoker.java:326)
	at org.testng.TestRunner.invokeTestConfigurations(TestRunner.java:661)
	at org.testng.TestRunner.beforeRun(TestRunner.java:650)
	at org.testng.TestRunner.run(TestRunner.java:612)
	at org.testng.SuiteRunner.runTest(SuiteRunner.java:443)
	at org.testng.SuiteRunner.runSequentially(SuiteRunner.java:437)
	at org.testng.SuiteRunner.privateRun(SuiteRunner.java:397)
	at org.testng.SuiteRunner.run(SuiteRunner.java:336)
	at org.testng.SuiteRunnerWorker.runSuite(SuiteRunnerWorker.java:52)
	at org.testng.SuiteRunnerWorker.run(SuiteRunnerWorker.java:95)
	at org.testng.TestNG.runSuitesSequentially(TestNG.java:1301)
	at org.testng.TestNG.runSuitesLocally(TestNG.java:1228)
	at org.testng.TestNG.runSuites(TestNG.java:1134)
	at org.testng.TestNG.run(TestNG.java:1101)
	at org.apache.maven.surefire.testng.TestNGExecutor.run(TestNGExecutor.java:155)
	at org.apache.maven.surefire.testng.TestNGDirectoryTestSuite.executeMulti(TestNGDirectoryTestSuite.java:169)
	at org.apache.maven.surefire.testng.TestNGDirectoryTestSuite.execute(TestNGDirectoryTestSuite.java:88)
	at org.apache.maven.surefire.testng.TestNGProvider.invoke(TestNGProvider.java:137)
	at org.apache.maven.surefire.booter.ForkedBooter.runSuitesInProcess(ForkedBooter.java:385)
	at org.apache.maven.surefire.booter.ForkedBooter.execute(ForkedBooter.java:162)
	at org.apache.maven.surefire.booter.ForkedBooter.run(ForkedBooter.java:507)
	at org.apache.maven.surefire.booter.ForkedBooter.main(ForkedBooter.java:495)
]]></failure>
    <system-out><![CDATA[&amp#27;[38;5;112m[Appium]&amp#27;[0m Welcome to Appium v2.10.3
&amp#27;[38;5;112m[Appium]&amp#27;[0m The autodetected Appium home path: C:\Users\user\.appium
&amp#27;[38;5;112m[Appium]&amp#27;[0m Attempting to load driver uiautomator2...
&amp#27;[38;5;112m[Appium]&amp#27;[0m Requiring driver at C:\Users\user\.appium\node_modules\appium-uiautomator2-driver\build\index.js
&amp#27;[38;5;112m[Appium]&amp#27;[0m AndroidUiautomator2Driver has been successfully loaded in 3.811s
&amp#27;[38;5;112m[Appium]&amp#27;[0m Appium REST http interface listener started on http://0.0.0.0:4723
&amp#27;[38;5;112m[Appium]&amp#27;[0m You can provide the following URLs in your client code to connect to this server:
	http://172.27.69.231:4723/
	http://127.0.0.1:4723/ (only accessible from the same host)
&amp#27;[38;5;112m[Appium]&amp#27;[0m Available drivers:
&amp#27;[38;5;112m[Appium]&amp#27;[0m   - uiautomator2@2.29.4 (automationName 'UiAutomator2')
&amp#27;[38;5;112m[Appium]&amp#27;[0m No plugins have been installed. Use the "appium plugin" command to install the one(s) you want to use.
&amp#27;[38;5;86m[HTTP]&amp#27;[0m &amp#27;[37m-->&amp#27;[39m &amp#27;[37mGET&amp#27;[39m &amp#27;[37m/status&amp#27;[39m &amp#27;[90m{}&amp#27;[39m
&amp#27;[38;5;167m[AppiumDriver@9338]&amp#27;[0m Calling AppiumDriver.getStatus() with args: []
&amp#27;[38;5;167m[AppiumDriver@9338]&amp#27;[0m Responding to client with driver.getStatus() result: {"ready":true,"message":"The server is ready to accept new connections","build":{"version":"2.10.3"}}
&amp#27;[38;5;86m[HTTP]&amp#27;[0m &amp#27;[37m<-- GET /status &amp#27;[39m&amp#27;[32m200&amp#27;[39m &amp#27;[90m10 ms - 111&amp#27;[39m &amp#27;[90m&amp#27;[39m
&amp#27;[38;5;86m[HTTP]&amp#27;[0m Request idempotency key: ae8c0d7d-2dac-4458-8839-49740bf99578
&amp#27;[38;5;86m[HTTP]&amp#27;[0m &amp#27;[37m-->&amp#27;[39m &amp#27;[37mPOST&amp#27;[39m &amp#27;[37m/session&amp#27;[39m &amp#27;[90m{"capabilities":{"firstMatch":[{}],"alwaysMatch":{"appium:app":"D:/Kuliah/Synrgy-Bootcamp/Chapter 8/Android.SauceLabs.Mobile.Sample.app.2.7.1.apk","appium:appActivity":"com.swaglabsmobileapp.MainActivity","platformName":"ANDROID","appium:automationName":"UIAutomator2","appium:appPackage":"com.swaglabsmobileapp","appium:platformVersion":"8.0","appium:deviceName":"emulator-5554"}}}&amp#27;[39m
&amp#27;[38;5;167m[AppiumDriver@9338]&amp#27;[0m Calling AppiumDriver.createSession() with args: [null,null,{"firstMatch":[{}],"alwaysMatch":{"appium:app":"D:/Kuliah/Synrgy-Bootcamp/Chapter 8/Android.SauceLabs.Mobile.Sample.app.2.7.1.apk","appium:appActivity":"com.swaglabsmobileapp.MainActivity","platformName":"ANDROID","appium:automationName":"UIAutomator2","appium:appPackage":"com.swaglabsmobileapp","appium:platformVersion":"8.0","appium:deviceName":"emulator-5554"}}]
&amp#27;[38;5;167m[AppiumDriver@9338]&amp#27;[0m Event 'newSessionRequested' logged at 1720082682842 (15:44:42 GMT+0700 (Western Indonesia Time))
&amp#27;[38;5;112m[Appium]&amp#27;[0m Attempting to find matching driver for automationName 'UIAutomator2' and platformName 'ANDROID'
&amp#27;[38;5;112m[Appium]&amp#27;[0m The 'uiautomator2' driver was installed and matched caps.
&amp#27;[38;5;112m[Appium]&amp#27;[0m Will require it at C:\Users\user\.appium\node_modules\appium-uiautomator2-driver
&amp#27;[38;5;112m[Appium]&amp#27;[0m Requiring driver at C:\Users\user\.appium\node_modules\appium-uiautomator2-driver\build\index.js
&amp#27;[38;5;167m[AppiumDriver@9338]&amp#27;[0m Appium v2.10.3 creating new AndroidUiautomator2Driver (v2.29.4) session
&amp#27;[38;5;167m[AppiumDriver@9338]&amp#27;[0m Checking BaseDriver versions for Appium and AndroidUiautomator2Driver
&amp#27;[38;5;167m[AppiumDriver@9338]&amp#27;[0m Appium's BaseDriver version is 9.10.3
&amp#27;[38;5;167m[AppiumDriver@9338]&amp#27;[0m AndroidUiautomator2Driver's BaseDriver version is 9.10.3
&amp#27;[38;5;-36m[AndroidUiautomator2Driver@e280]&amp#27;[0m undefined
&amp#27;[38;5;-36m[AndroidUiautomator2Driver@e280]&amp#27;[0m Creating session with W3C capabilities: {
  "alwaysMatch": {
    "platformName": "ANDROID",
    "appium:app": "D:/Kuliah/Synrgy-Bootcamp/Chapter 8/Android.SauceLabs.Mobile.Sample.app.2.7.1.apk",
    "appium:appActivity": "com.swaglabsmobileapp.MainActivity",
    "appium:automationName": "UIAutomator2",
    "appium:appPackage": "com.swaglabsmobileapp",
    "appium:platformVersion": "8.0",
    "appium:deviceName": "emulator-5554"
  },
  "firstMatch": [
    {}
  ]
}
&amp#27;[38;5;-36m[AndroidUiautomator2Driver@e280]&amp#27;[0m The following provided capabilities were not recognized by this driver:
&amp#27;[38;5;-36m[AndroidUiautomator2Driver@e280]&amp#27;[0m   deviceName
&amp#27;[38;5;-36m[AndroidUiautomator2Driver@e280]&amp#27;[0m Session created with session id: b2bf0952-95b6-40f2-b86a-2040cc013c03
&amp#27;[38;5;123m[BaseDriver]&amp#27;[0m Using local app 'D:/Kuliah/Synrgy-Bootcamp/Chapter 8/Android.SauceLabs.Mobile.Sample.app.2.7.1.apk'
&amp#27;[38;5;-36m[AndroidUiautomator2Driver@e280]&amp#27;[0m Checking whether app is actually present
&amp#27;[38;5;229m[ADB]&amp#27;[0m Found 1 'build-tools' folders under 'D:\SDK' (newest first):
&amp#27;[38;5;229m[ADB]&amp#27;[0m     D:/SDK/build-tools/35.0.0
&amp#27;[38;5;229m[ADB]&amp#27;[0m Using 'adb.exe' from 'D:\SDK\platform-tools\adb.exe'
&amp#27;[38;5;229m[ADB]&amp#27;[0m Running 'D:\SDK\platform-tools\adb.exe -P 5037 start-server'
&amp#27;[38;5;183m[AndroidDriver]&amp#27;[0m Retrieving device list
&amp#27;[38;5;229m[ADB]&amp#27;[0m Trying to find a connected android device
&amp#27;[38;5;229m[ADB]&amp#27;[0m Getting connected devices
&amp#27;[38;5;229m[ADB]&amp#27;[0m Connected devices: [{"udid":"emulator-5554","state":"device"}]
&amp#27;[38;5;183m[AndroidDriver]&amp#27;[0m Looking for a device with Android '8.0.0'
&amp#27;[38;5;229m[ADB]&amp#27;[0m Setting device id to emulator-5554
&amp#27;[38;5;229m[ADB]&amp#27;[0m Getting device platform version
&amp#27;[38;5;229m[ADB]&amp#27;[0m Running 'D:\SDK\platform-tools\adb.exe -P 5037 -s emulator-5554 shell getprop ro.build.version.release'
&amp#27;[38;5;229m[ADB]&amp#27;[0m Current device property 'ro.build.version.release': 8.0.0
&amp#27;[38;5;183m[AndroidDriver]&amp#27;[0m Using device: emulator-5554
&amp#27;[38;5;229m[ADB]&amp#27;[0m Using 'adb.exe' from 'D:\SDK\platform-tools\adb.exe'
&amp#27;[38;5;229m[ADB]&amp#27;[0m Running 'D:\SDK\platform-tools\adb.exe -P 5037 start-server'
&amp#27;[38;5;229m[ADB]&amp#27;[0m Setting device id to emulator-5554
&amp#27;[38;5;229m[ADB]&amp#27;[0m Running 'D:\SDK\platform-tools\adb.exe -P 5037 -s emulator-5554 shell getprop ro.build.version.sdk'
&amp#27;[38;5;229m[ADB]&amp#27;[0m Current device property 'ro.build.version.sdk': 26
&amp#27;[38;5;229m[ADB]&amp#27;[0m Device API level: 26
&amp#27;[38;5;229m[ADB]&amp#27;[0m Running 'D:\SDK\platform-tools\adb.exe -P 5037 -s emulator-5554 wait-for-device'
&amp#27;[38;5;229m[ADB]&amp#27;[0m Running 'D:\SDK\platform-tools\adb.exe -P 5037 -s emulator-5554 shell echo ping'
&amp#27;[38;5;183m[AndroidDriver]&amp#27;[0m Pushing settings apk to device...
&amp#27;[38;5;229m[ADB]&amp#27;[0m Getting package info for 'io.appium.settings'
&amp#27;[38;5;229m[ADB]&amp#27;[0m Running 'D:\SDK\platform-tools\adb.exe -P 5037 -s emulator-5554 shell dumpsys package io.appium.settings'
&amp#27;[38;5;229m[ADB]&amp#27;[0m The version name of the installed 'io.appium.settings' is greater or equal to the application version name ('5.1.0' >= '5.1.0')
&amp#27;[38;5;229m[ADB]&amp#27;[0m There is no need to install/upgrade 'C:\Users\user\.appium\node_modules\appium-uiautomator2-driver\node_modules\io.appium.settings\apks\settings_apk-debug.apk'
&amp#27;[38;5;229m[ADB]&amp#27;[0m Getting IDs of all 'io.appium.settings' processes
&amp#27;[38;5;229m[ADB]&amp#27;[0m Running 'D:\SDK\platform-tools\adb.exe -P 5037 -s emulator-5554 shell 'pgrep --help; echo $?''
&amp#27;[38;5;229m[ADB]&amp#27;[0m Running 'D:\SDK\platform-tools\adb.exe -P 5037 -s emulator-5554 shell 'pgrep ^appium\\.settings$ || pgrep ^io\\.appium\\.setti$''
&amp#27;[38;5;183m[AndroidDriver]&amp#27;[0m io.appium.settings is already running. There is no need to reset its permissions.
&amp#27;[38;5;160m[Logcat]&amp#27;[0m Starting logs capture with command: D:\\SDK\\platform-tools\\adb.exe -P 5037 -s emulator-5554 logcat -v threadtime
&amp#27;[38;5;-36m[AndroidUiautomator2Driver@e280]&amp#27;[0m Forwarding UiAutomator2 Server port 6790 to local port 8224
&amp#27;[38;5;229m[ADB]&amp#27;[0m Forwarding system: 8224 to device: 6790
&amp#27;[38;5;229m[ADB]&amp#27;[0m Running 'D:\SDK\platform-tools\adb.exe -P 5037 -s emulator-5554 forward tcp:8224 tcp:6790'
&amp#27;[38;5;229m[ADB]&amp#27;[0m Checking app cert for C:\Users\user\.appium\node_modules\appium-uiautomator2-driver\node_modules\appium-uiautomator2-server\apks\appium-uiautomator2-server-v5.12.2.apk
&amp#27;[38;5;229m[ADB]&amp#27;[0m Checking app cert for C:\Users\user\.appium\node_modules\appium-uiautomator2-driver\node_modules\appium-uiautomator2-server\apks\appium-uiautomator2-server-debug-androidTest.apk
&amp#27;[38;5;229m[ADB]&amp#27;[0m Using 'apksigner.jar' from 'D:\SDK\build-tools\35.0.0\lib\apksigner.jar'
&amp#27;[38;5;229m[ADB]&amp#27;[0m Starting apksigner: 'D:\\Program Files\\Java\\jdk-17\\bin\\java.exe' -Xmx1024M -Xss1m -jar D:\\SDK\\build-tools\\35.0.0\\lib\\apksigner.jar verify --print-certs C:\\Users\\user\\.appium\\node_modules\\appium-uiautomator2-driver\\node_modules\\appium-uiautomator2-server\\apks\\appium-uiautomator2-server-debug-androidTest.apk
&amp#27;[38;5;229m[ADB]&amp#27;[0m Starting apksigner: 'D:\\Program Files\\Java\\jdk-17\\bin\\java.exe' -Xmx1024M -Xss1m -jar D:\\SDK\\build-tools\\35.0.0\\lib\\apksigner.jar verify --print-certs C:\\Users\\user\\.appium\\node_modules\\appium-uiautomator2-driver\\node_modules\\appium-uiautomator2-server\\apks\\appium-uiautomator2-server-v5.12.2.apk
&amp#27;[38;5;229m[ADB]&amp#27;[0m apksigner stdout: Signer #1 certificate DN: EMAILADDRESS=android@android.com, CN=Android, OU=Android, O=Android, L=Mountain View, ST=California, C=US
&amp#27;[38;5;229m[ADB]&amp#27;[0m Signer #1 certificate SHA-256 digest: a40da80a59d170caa950cf15c18c454d47a39b26989d8b640ecd745ba71bf5dc
&amp#27;[38;5;229m[ADB]&amp#27;[0m Signer #1 certificate SHA-1 digest: 61ed377e85d386a8dfee6b864bd85b0bfaa5af81
&amp#27;[38;5;229m[ADB]&amp#27;[0m Signer #1 certificate MD5 digest: e89b158e4bcf988ebd09eb83f5378e87
&amp#27;[38;5;229m[ADB]&amp#27;[0m 
&amp#27;[38;5;229m[ADB]&amp#27;[0m sha256 hash did match for 'appium-uiautomator2-server-debug-androidTest.apk'
&amp#27;[38;5;229m[ADB]&amp#27;[0m 'C:\Users\user\.appium\node_modules\appium-uiautomator2-driver\node_modules\appium-uiautomator2-server\apks\appium-uiautomator2-server-debug-androidTest.apk' is signed with the default certificate
&amp#27;[38;5;229m[ADB]&amp#27;[0m Getting install status for io.appium.uiautomator2.server.test
&amp#27;[38;5;229m[ADB]&amp#27;[0m Running 'D:\SDK\platform-tools\adb.exe -P 5037 -s emulator-5554 shell pm path io.appium.uiautomator2.server.test'
&amp#27;[38;5;229m[ADB]&amp#27;[0m apksigner stdout: Signer #1 certificate DN: EMAILADDRESS=android@android.com, CN=Android, OU=Android, O=Android, L=Mountain View, ST=California, C=US
&amp#27;[38;5;229m[ADB]&amp#27;[0m Signer #1 certificate SHA-256 digest: a40da80a59d170caa950cf15c18c454d47a39b26989d8b640ecd745ba71bf5dc
&amp#27;[38;5;229m[ADB]&amp#27;[0m Signer #1 certificate SHA-1 digest: 61ed377e85d386a8dfee6b864bd85b0bfaa5af81
&amp#27;[38;5;229m[ADB]&amp#27;[0m Signer #1 certificate MD5 digest: e89b158e4bcf988ebd09eb83f5378e87
&amp#27;[38;5;229m[ADB]&amp#27;[0m 
&amp#27;[38;5;229m[ADB]&amp#27;[0m sha256 hash did match for 'appium-uiautomator2-server-v5.12.2.apk'
&amp#27;[38;5;229m[ADB]&amp#27;[0m 'C:\Users\user\.appium\node_modules\appium-uiautomator2-driver\node_modules\appium-uiautomator2-server\apks\appium-uiautomator2-server-v5.12.2.apk' is signed with the default certificate
&amp#27;[38;5;229m[ADB]&amp#27;[0m Getting package info for 'io.appium.uiautomator2.server'
&amp#27;[38;5;229m[ADB]&amp#27;[0m Running 'D:\SDK\platform-tools\adb.exe -P 5037 -s emulator-5554 shell dumpsys package io.appium.uiautomator2.server'
&amp#27;[38;5;229m[ADB]&amp#27;[0m The version name of the installed 'io.appium.uiautomator2.server' is greater or equal to the application version name ('5.12.2' >= '5.12.2')
&amp#27;[38;5;229m[ADB]&amp#27;[0m 'io.appium.uiautomator2.server.test' is installed
&amp#27;[38;5;-36m[AndroidUiautomator2Driver@e280]&amp#27;[0m Server packages status: [{"wasSigned":true,"installState":"sameVersionInstalled","appPath":"C:\\Users\\user\\.appium\\node_modules\\appium-uiautomator2-driver\\node_modules\\appium-uiautomator2-server\\apks\\appium-uiautomator2-server-v5.12.2.apk","appId":"io.appium.uiautomator2.server"},{"wasSigned":true,"installState":"sameVersionInstalled","appPath":"C:\\Users\\user\\.appium\\node_modules\\appium-uiautomator2-driver\\node_modules\\appium-uiautomator2-server\\apks\\appium-uiautomator2-server-debug-androidTest.apk","appId":"io.appium.uiautomator2.server.test"}]
&amp#27;[38;5;-36m[AndroidUiautomator2Driver@e280]&amp#27;[0m Server packages are not going to be (re)installed
&amp#27;[38;5;-36m[AndroidUiautomator2Driver@e280]&amp#27;[0m Waiting up to 30000ms for services to be available
&amp#27;[38;5;229m[ADB]&amp#27;[0m Running 'D:\SDK\platform-tools\adb.exe -P 5037 -s emulator-5554 shell pm list instrumentation'
&amp#27;[38;5;-36m[AndroidUiautomator2Driver@e280]&amp#27;[0m Instrumentation target 'io.appium.uiautomator2.server.test/androidx.test.runner.AndroidJUnitRunner' is available
&amp#27;[38;5;229m[ADB]&amp#27;[0m Adding packages ["io.appium.settings","io.appium.uiautomator2.server","io.appium.uiautomator2.server.test"] to Doze whitelist
&amp#27;[38;5;229m[ADB]&amp#27;[0m Got the following command chunks to execute: [["dumpsys","deviceidle","whitelist","+io.appium.settings",";","dumpsys","deviceidle","whitelist","+io.appium.uiautomator2.server",";","dumpsys","deviceidle","whitelist","+io.appium.uiautomator2.server.test",";"]]
&amp#27;[38;5;229m[ADB]&amp#27;[0m Running 'D:\SDK\platform-tools\adb.exe -P 5037 -s emulator-5554 shell dumpsys deviceidle whitelist +io.appium.settings ; dumpsys deviceidle whitelist +io.appium.uiautomator2.server ; dumpsys deviceidle whitelist +io.appium.uiautomator2.server.test ;'
&amp#27;[38;5;229m[ADB]&amp#27;[0m Checking app cert for D:/Kuliah/Synrgy-Bootcamp/Chapter 8/Android.SauceLabs.Mobile.Sample.app.2.7.1.apk
&amp#27;[38;5;229m[ADB]&amp#27;[0m Starting apksigner: 'D:\\Program Files\\Java\\jdk-17\\bin\\java.exe' -Xmx1024M -Xss1m -jar D:\\SDK\\build-tools\\35.0.0\\lib\\apksigner.jar verify --print-certs 'D:/Kuliah/Synrgy-Bootcamp/Chapter 8/Android.SauceLabs.Mobile.Sample.app.2.7.1.apk'
&amp#27;[38;5;229m[ADB]&amp#27;[0m apksigner stdout: Signer #1 certificate DN: CN=wswebcreation, OU=sample-app, O=Sauce Labs, L=San Francisco, ST=California, C=CA
&amp#27;[38;5;229m[ADB]&amp#27;[0m Signer #1 certificate SHA-256 digest: 24fd76156cde9748f50e68dbdafde6498ec4beaa41316438d06ffdde41ce7a3d
&amp#27;[38;5;229m[ADB]&amp#27;[0m Signer #1 certificate SHA-1 digest: 2a1a91b5b813edbd94986bffb8398349b9b504e0
&amp#27;[38;5;229m[ADB]&amp#27;[0m Signer #1 certificate MD5 digest: ac89c8eda61ba1f13ee22bae56d13abc
&amp#27;[38;5;229m[ADB]&amp#27;[0m 
&amp#27;[38;5;229m[ADB]&amp#27;[0m 'D:/Kuliah/Synrgy-Bootcamp/Chapter 8/Android.SauceLabs.Mobile.Sample.app.2.7.1.apk' is signed with a non-default certificate
&amp#27;[38;5;229m[ADB]&amp#27;[0m Getting package info for 'com.swaglabsmobileapp'
&amp#27;[38;5;229m[ADB]&amp#27;[0m Running 'D:\SDK\platform-tools\adb.exe -P 5037 -s emulator-5554 shell dumpsys package com.swaglabsmobileapp'
&amp#27;[38;5;229m[ADB]&amp#27;[0m The version name of the installed 'com.swaglabsmobileapp' is greater or equal to the application version name ('2.7.1' >= '2.7.1')
&amp#27;[38;5;229m[ADB]&amp#27;[0m There is no need to install/upgrade 'D:/Kuliah/Synrgy-Bootcamp/Chapter 8/Android.SauceLabs.Mobile.Sample.app.2.7.1.apk'
&amp#27;[38;5;183m[AndroidDriver]&amp#27;[0m Performing fast reset on 'com.swaglabsmobileapp'
&amp#27;[38;5;229m[ADB]&amp#27;[0m Getting install status for com.swaglabsmobileapp
&amp#27;[38;5;229m[ADB]&amp#27;[0m Running 'D:\SDK\platform-tools\adb.exe -P 5037 -s emulator-5554 shell pm path com.swaglabsmobileapp'
&amp#27;[38;5;229m[ADB]&amp#27;[0m 'com.swaglabsmobileapp' is installed
&amp#27;[38;5;229m[ADB]&amp#27;[0m Running 'D:\SDK\platform-tools\adb.exe -P 5037 -s emulator-5554 shell am force-stop com.swaglabsmobileapp'
&amp#27;[38;5;229m[ADB]&amp#27;[0m Running 'D:\SDK\platform-tools\adb.exe -P 5037 -s emulator-5554 shell pm clear com.swaglabsmobileapp'
&amp#27;[38;5;183m[AndroidDriver]&amp#27;[0m Performed fast reset on the installed 'com.swaglabsmobileapp' application (stop and clear)
&amp#27;[38;5;-36m[AndroidUiautomator2Driver@e280]&amp#27;[0m Performing shallow cleanup of automation leftovers
&amp#27;[38;5;-36m[AndroidUiautomator2Driver@e280]&amp#27;[0m No obsolete sessions have been detected
&amp#27;[38;5;229m[ADB]&amp#27;[0m Running 'D:\SDK\platform-tools\adb.exe -P 5037 -s emulator-5554 shell am force-stop io.appium.uiautomator2.server.test'
&amp#27;[38;5;-36m[AndroidUiautomator2Driver@e280]&amp#27;[0m Starting UIAutomator2 server 5.12.2
&amp#27;[38;5;-36m[AndroidUiautomator2Driver@e280]&amp#27;[0m Using UIAutomator2 server from 'C:\Users\user\.appium\node_modules\appium-uiautomator2-driver\node_modules\appium-uiautomator2-server\apks\appium-uiautomator2-server-v5.12.2.apk' and test from 'C:\Users\user\.appium\node_modules\appium-uiautomator2-driver\node_modules\appium-uiautomator2-server\apks\appium-uiautomator2-server-debug-androidTest.apk'
&amp#27;[38;5;-36m[AndroidUiautomator2Driver@e280]&amp#27;[0m Waiting up to 30000ms for UiAutomator2 to be online...
&amp#27;[38;5;229m[ADB]&amp#27;[0m Creating ADB subprocess with args: ["-P","5037","-s","emulator-5554","shell","am","instrument","-w","-e","disableAnalytics",true,"io.appium.uiautomator2.server.test/androidx.test.runner.AndroidJUnitRunner"]
&amp#27;[38;5;-36m[AndroidUiautomator2Driver@e280]&amp#27;[0m Matched '/status' to command name 'getStatus'
&amp#27;[38;5;-36m[AndroidUiautomator2Driver@e280]&amp#27;[0m Proxying [GET /status] to [GET http://127.0.0.1:8224/status] with no body
&amp#27;[38;5;-36m[AndroidUiautomator2Driver@e280]&amp#27;[0m Got response with status 200: {"sessionId":"None","value":{"message":"UiAutomator2 Server is ready to accept commands","ready":true}}
&amp#27;[38;5;-36m[AndroidUiautomator2Driver@e280]&amp#27;[0m The initialization of the instrumentation process took 47ms
&amp#27;[38;5;-36m[AndroidUiautomator2Driver@e280]&amp#27;[0m Matched '/session' to command name 'createSession'
&amp#27;[38;5;-36m[AndroidUiautomator2Driver@e280]&amp#27;[0m Proxying [POST /session] to [POST http://127.0.0.1:8224/session] with body: {"capabilities":{"firstMatch":[{"platform":"LINUX","webStorageEnabled":false,"takesScreenshot":true,"javascriptEnabled":true,"databaseEnabled":false,"networkConnectionEnabled":true,"locationContextEnabled":false,"warnings":{},"desired":{"platformName":"ANDROID","app":"D:/Kuliah/Synrgy-Bootcamp/Chapter 8/Android.SauceLabs.Mobile.Sample.app.2.7.1.apk","appActivity":"com.swaglabsmobileapp.MainActivity","automationName":"UIAutomator2","appPackage":"com.swaglabsmobileapp","platformVersion":"8.0","deviceName":"emulator-5554"},"platformName":"ANDROID","app":"D:/Kuliah/Synrgy-Bootcamp/Chapter 8/Android.SauceLabs.Mobile.Sample.app.2.7.1.apk","appActivity":"com.swaglabsmobileapp.MainActivity","automationName":"UIAutomator2","appPackage":"com.swaglabsmobileapp","platformVersion":"8.0","deviceName":"emulator-5554","deviceUDID":"emulator-5554"}],"alwaysMatch":{}}}
&amp#27;[38;5;-36m[AndroidUiautomator2Driver@e280]&amp#27;[0m Got response with status 200: {"sessionId":"cfa39e90-0f98-4edf-b4fd-8aaf2a696a16","value":{"capabilities":{"firstMatch":[{"platform":"LINUX","webStorageEnabled":false,"takesScreenshot":true,"javascriptEnabled":true,"databaseEnabled":false,"networkConnectionEnabled":true,"locationContextEnabled":false,"warnings":{},"desired":{"platformName":"ANDROID","app":"D:/Kuliah/Synrgy-Bootcamp/Chapter 8/Android.SauceLabs.Mobile.Sample.app.2.7.1.apk","appActivity":"com.swaglabsmobileapp.MainActivity","automationName":"UIAutomator2","appPackage":"com.swaglabsmobileapp","platformVersion":"8.0","deviceName":"emulator-5554"},"platformName":"ANDROID","app":"D:/Kuliah/Synrgy-Bootcamp/Chapter 8/Android.SauceLabs.Mobile.Sample.app.2.7.1.apk","appActivity":"com.swaglabsmobileapp.MainActivity","automationName":"UIAutomator2","appPackage":"com.swaglabsmobileapp","platformVersion":"8.0","deviceName":"emulator-5554","deviceUDID":"emulator-5554"}],"alwaysMatch":{}},"sessionId":"cfa39e90-0f98-4edf-b4fd-8aaf2a696a16"}}
&amp#27;[38;5;-36m[AndroidUiautomator2Driver@e280]&amp#27;[0m Determined the downstream protocol as 'W3C'
&amp#27;[38;5;-36m[AndroidUiautomator2Driver@e280]&amp#27;[0m Proxying [GET /appium/device/info] to [GET http://127.0.0.1:8224/session/cfa39e90-0f98-4edf-b4fd-8aaf2a696a16/appium/device/info] with no body
&amp#27;[38;5;-36m[AndroidUiautomator2Driver@e280]&amp#27;[0m socket hang up
&amp#27;[38;5;-36m[AndroidUiautomator2Driver@e280]&amp#27;[0m Deleting UiAutomator2 session
&amp#27;[38;5;-36m[AndroidUiautomator2Driver@e280]&amp#27;[0m Deleting UiAutomator2 server session
&amp#27;[38;5;-36m[AndroidUiautomator2Driver@e280]&amp#27;[0m Matched '/' to command name 'deleteSession'
&amp#27;[38;5;-36m[AndroidUiautomator2Driver@e280]&amp#27;[0m Proxying [DELETE /] to [DELETE http://127.0.0.1:8224/session/cfa39e90-0f98-4edf-b4fd-8aaf2a696a16] with no body
&amp#27;[38;5;-36m[AndroidUiautomator2Driver@e280]&amp#27;[0m socket hang up
&amp#27;[38;5;-36m[AndroidUiautomator2Driver@e280]&amp#27;[0m Did not get confirmation UiAutomator2 deleteSession worked; Error was: UnknownError: An unknown server-side error occurred while processing the command. Original error: Could not proxy command to the remote server. Original error: socket hang up
&amp#27;[38;5;229m[ADB]&amp#27;[0m Running 'D:\SDK\platform-tools\adb.exe -P 5037 -s emulator-5554 shell am force-stop com.swaglabsmobileapp'
&amp#27;[38;5;160m[Logcat]&amp#27;[0m Stopping logcat capture
&amp#27;[38;5;229m[ADB]&amp#27;[0m Removing forwarded port socket connection: 8224 
&amp#27;[38;5;229m[ADB]&amp#27;[0m Running 'D:\SDK\platform-tools\adb.exe -P 5037 -s emulator-5554 forward --remove tcp:8224'
&amp#27;[38;5;167m[AppiumDriver@9338]&amp#27;[0m Event 'newSessionStarted' logged at 1720082690205 (15:44:50 GMT+0700 (Western Indonesia Time))
&amp#27;[38;5;167m[AppiumDriver@9338]&amp#27;[0m Encountered internal error running command: UnknownError: An unknown server-side error occurred while processing the command. Original error: Could not proxy command to the remote server. Original error: socket hang up
    at UIA2Proxy.command (C:\Users\user\AppData\Roaming\npm\node_modules\appium\node_modules\@appium\base-driver\lib\jsonwp-proxy\proxy.js:355:13)
    at processTicksAndRejections (node:internal/process/task_queues:95:5)
    at AndroidUiautomator2Driver.commands.mobileGetDeviceInfo (C:\Users\user\.appium\node_modules\appium-uiautomator2-driver\lib\commands\general.js:263:10)
    at AndroidUiautomator2Driver.addDeviceInfoToCaps (C:\Users\user\.appium\node_modules\appium-uiautomator2-driver\lib\driver.js:476:9)
    at AndroidUiautomator2Driver.startUiAutomator2Session (C:\Users\user\.appium\node_modules\appium-uiautomator2-driver\lib\driver.js:432:5)
    at AndroidUiautomator2Driver.createSession (C:\Users\user\.appium\node_modules\appium-uiautomator2-driver\lib\driver.js:241:7)
    at AppiumDriver.createSession (C:\Users\user\AppData\Roaming\npm\node_modules\appium\lib\appium.js:731:35)
&amp#27;[38;5;86m[HTTP]&amp#27;[0m &amp#27;[37m<-- POST /session &amp#27;[39m&amp#27;[31m500&amp#27;[39m &amp#27;[90m7367 ms - 1355&amp#27;[39m &amp#27;[90m&amp#27;[39m
]]></system-out>
    <system-err><![CDATA[SLF4J(W): No SLF4J providers were found.
SLF4J(W): Defaulting to no-operation (NOP) logger implementation
SLF4J(W): See https://www.slf4j.org/codes.html#noProviders for further details.
]]></system-err>
  </testcase>
  <testcase name="testLogin" classname="SwagLabs_Mobile.testing.InvalidLoginTest" time="0.0">
    <skipped message="Could not start a new session. Response code 500. Message: An unknown server-side error occurred while processing the command. Original error: Could not proxy command to the remote server. Original error: socket hang up &#10;Host info: host: &apos;DESKTOP-4FFJMPG&apos;, ip: &apos;172.27.69.231&apos;&#10;Build info: version: &apos;4.20.0&apos;, revision: &apos;866c76ca80&apos;&#10;System info: os.name: &apos;Windows 10&apos;, os.arch: &apos;amd64&apos;, os.version: &apos;10.0&apos;, java.version: &apos;17.0.6&apos;&#10;Driver info: io.appium.java_client.android.AndroidDriver&#10;Command: [null, newSession {desiredCapabilities=Capabilities {app: D:/Kuliah/Synrgy-Bootcamp/C..., appActivity: com.swaglabsmobileapp.MainA..., appPackage: com.swaglabsmobileapp, automationName: UIAutomator2, deviceName: emulator-5554, platformName: ANDROID, platformVersion: 8.0}, capabilities=[{appium:deviceName=emulator-5554, appium:appActivity=com.swaglabsmobileapp.MainActivity, appium:automationName=UIAutomator2, platformName=ANDROID, appium:appPackage=com.swaglabsmobileapp, appium:platformVersion=8.0, appium:app=D:/Kuliah/Synrgy-Bootcamp/Chapter 8/Android.SauceLabs.Mobile.Sample.app.2.7.1.apk}]}]&#10;Capabilities {app: D:/Kuliah/Synrgy-Bootcamp/C..., appActivity: com.swaglabsmobileapp.MainA..., appPackage: com.swaglabsmobileapp, automationName: UIAutomator2, deviceName: emulator-5554, platformName: ANDROID, platformVersion: 8.0}"/>
  </testcase>
  <testcase name="tearDown" classname="SwagLabs_Mobile.testing.InvalidLoginTest" time="0.0">
    <skipped/>
  </testcase>
  <testcase name="setUp" classname="SwagLabs_Mobile.testing.ValidLoginTest" time="0.0">
    <skipped/>
  </testcase>
  <testcase name="testLogin" classname="SwagLabs_Mobile.testing.ValidLoginTest" time="0.0">
    <skipped message="Could not start a new session. Response code 500. Message: An unknown server-side error occurred while processing the command. Original error: Could not proxy command to the remote server. Original error: socket hang up &#10;Host info: host: &apos;DESKTOP-4FFJMPG&apos;, ip: &apos;172.27.69.231&apos;&#10;Build info: version: &apos;4.20.0&apos;, revision: &apos;866c76ca80&apos;&#10;System info: os.name: &apos;Windows 10&apos;, os.arch: &apos;amd64&apos;, os.version: &apos;10.0&apos;, java.version: &apos;17.0.6&apos;&#10;Driver info: io.appium.java_client.android.AndroidDriver&#10;Command: [null, newSession {desiredCapabilities=Capabilities {app: D:/Kuliah/Synrgy-Bootcamp/C..., appActivity: com.swaglabsmobileapp.MainA..., appPackage: com.swaglabsmobileapp, automationName: UIAutomator2, deviceName: emulator-5554, platformName: ANDROID, platformVersion: 8.0}, capabilities=[{appium:deviceName=emulator-5554, appium:appActivity=com.swaglabsmobileapp.MainActivity, appium:automationName=UIAutomator2, platformName=ANDROID, appium:appPackage=com.swaglabsmobileapp, appium:platformVersion=8.0, appium:app=D:/Kuliah/Synrgy-Bootcamp/Chapter 8/Android.SauceLabs.Mobile.Sample.app.2.7.1.apk}]}]&#10;Capabilities {app: D:/Kuliah/Synrgy-Bootcamp/C..., appActivity: com.swaglabsmobileapp.MainA..., appPackage: com.swaglabsmobileapp, automationName: UIAutomator2, deviceName: emulator-5554, platformName: ANDROID, platformVersion: 8.0}"/>
  </testcase>
  <testcase name="tearDown" classname="SwagLabs_Mobile.testing.ValidLoginTest" time="0.0">
    <skipped/>
  </testcase>
  <testcase name="setUpClass[org.testng.TestRunner@76adb233](0)" classname="SwagLabs_Mobile.TestRunner" time="10.17">
    <failure message="Could not start a new session. Response code 404. Message: The session identified by f53a071a-fe24-4b40-ad2b-69d0c3a39c93 is not known &#10;Host info: host: &apos;DESKTOP-4FFJMPG&apos;, ip: &apos;172.27.69.231&apos;&#10;Build info: version: &apos;4.20.0&apos;, revision: &apos;866c76ca80&apos;&#10;System info: os.name: &apos;Windows 10&apos;, os.arch: &apos;amd64&apos;, os.version: &apos;10.0&apos;, java.version: &apos;17.0.6&apos;&#10;Driver info: io.appium.java_client.android.AndroidDriver&#10;Command: [null, newSession {desiredCapabilities=Capabilities {app: D:/Kuliah/Synrgy-Bootcamp/C..., appActivity: com.swaglabsmobileapp.MainA..., appPackage: com.swaglabsmobileapp, automationName: UIAutomator2, deviceName: emulator-5554, platformName: ANDROID, platformVersion: 8.0}, capabilities=[{appium:deviceName=emulator-5554, appium:appActivity=com.swaglabsmobileapp.MainActivity, appium:automationName=UIAutomator2, platformName=ANDROID, appium:appPackage=com.swaglabsmobileapp, appium:platformVersion=8.0, appium:app=D:/Kuliah/Synrgy-Bootcamp/Chapter 8/Android.SauceLabs.Mobile.Sample.app.2.7.1.apk}]}]&#10;Capabilities {app: D:/Kuliah/Synrgy-Bootcamp/C..., appActivity: com.swaglabsmobileapp.MainA..., appPackage: com.swaglabsmobileapp, automationName: UIAutomator2, deviceName: emulator-5554, platformName: ANDROID, platformVersion: 8.0}" type="org.openqa.selenium.SessionNotCreatedException"><![CDATA[org.openqa.selenium.SessionNotCreatedException: 
Could not start a new session. Response code 404. Message: The session identified by f53a071a-fe24-4b40-ad2b-69d0c3a39c93 is not known 
Host info: host: 'DESKTOP-4FFJMPG', ip: '172.27.69.231'
Build info: version: '4.20.0', revision: '866c76ca80'
System info: os.name: 'Windows 10', os.arch: 'amd64', os.version: '10.0', java.version: '17.0.6'
Driver info: io.appium.java_client.android.AndroidDriver
Command: [null, newSession {desiredCapabilities=Capabilities {app: D:/Kuliah/Synrgy-Bootcamp/C..., appActivity: com.swaglabsmobileapp.MainA..., appPackage: com.swaglabsmobileapp, automationName: UIAutomator2, deviceName: emulator-5554, platformName: ANDROID, platformVersion: 8.0}, capabilities=[{appium:deviceName=emulator-5554, appium:appActivity=com.swaglabsmobileapp.MainActivity, appium:automationName=UIAutomator2, platformName=ANDROID, appium:appPackage=com.swaglabsmobileapp, appium:platformVersion=8.0, appium:app=D:/Kuliah/Synrgy-Bootcamp/Chapter 8/Android.SauceLabs.Mobile.Sample.app.2.7.1.apk}]}]
Capabilities {app: D:/Kuliah/Synrgy-Bootcamp/C..., appActivity: com.swaglabsmobileapp.MainA..., appPackage: com.swaglabsmobileapp, automationName: UIAutomator2, deviceName: emulator-5554, platformName: ANDROID, platformVersion: 8.0}
	at org.openqa.selenium.remote.ProtocolHandshake.createSession(ProtocolHandshake.java:114)
	at java.base/jdk.internal.reflect.NativeMethodAccessorImpl.invoke0(Native Method)
	at java.base/jdk.internal.reflect.NativeMethodAccessorImpl.invoke(NativeMethodAccessorImpl.java:77)
	at java.base/jdk.internal.reflect.DelegatingMethodAccessorImpl.invoke(DelegatingMethodAccessorImpl.java:43)
	at java.base/java.lang.reflect.Method.invoke(Method.java:568)
	at io.appium.java_client.remote.AppiumProtocolHandshake.createSession(AppiumProtocolHandshake.java:116)
	at io.appium.java_client.remote.AppiumProtocolHandshake.createSession(AppiumProtocolHandshake.java:96)
	at io.appium.java_client.remote.AppiumCommandExecutor.createSession(AppiumCommandExecutor.java:176)
	at io.appium.java_client.remote.AppiumCommandExecutor.execute(AppiumCommandExecutor.java:237)
	at org.openqa.selenium.remote.RemoteWebDriver.execute(RemoteWebDriver.java:518)
	at io.appium.java_client.AppiumDriver.startSession(AppiumDriver.java:268)
	at org.openqa.selenium.remote.RemoteWebDriver.<init>(RemoteWebDriver.java:161)
	at io.appium.java_client.AppiumDriver.<init>(AppiumDriver.java:90)
	at io.appium.java_client.AppiumDriver.<init>(AppiumDriver.java:113)
	at io.appium.java_client.AppiumDriver.<init>(AppiumDriver.java:138)
	at io.appium.java_client.android.AndroidDriver.<init>(AndroidDriver.java:232)
	at SwagLabs_Mobile.testing.ValidLoginTest.setUp(ValidLoginTest.java:27)
	at SwagLabs_Mobile.CucumberHooks.setUp(CucumberHooks.java:11)
]]></failure>
    <system-out><![CDATA[&amp#27;[38;5;74m[Instrumentation]&amp#27;[0m io.appium.uiautomator2.server.test.AppiumUiAutomator2Server:
&amp#27;[38;5;86m[HTTP]&amp#27;[0m &amp#27;[37m-->&amp#27;[39m &amp#27;[37mGET&amp#27;[39m &amp#27;[37m/status&amp#27;[39m &amp#27;[90m{}&amp#27;[39m
&amp#27;[38;5;167m[AppiumDriver@9338]&amp#27;[0m Calling AppiumDriver.getStatus() with args: []
&amp#27;[38;5;167m[AppiumDriver@9338]&amp#27;[0m Responding to client with driver.getStatus() result: {"ready":true,"message":"The server is ready to accept new connections","build":{"version":"2.10.3"}}
&amp#27;[38;5;86m[HTTP]&amp#27;[0m &amp#27;[37m<-- GET /status &amp#27;[39m&amp#27;[32m200&amp#27;[39m &amp#27;[90m4 ms - 111&amp#27;[39m &amp#27;[90m&amp#27;[39m
&amp#27;[38;5;86m[HTTP]&amp#27;[0m Request idempotency key: 8d66e7cf-93be-4daf-ae01-7493f959402c
&amp#27;[38;5;86m[HTTP]&amp#27;[0m &amp#27;[37m-->&amp#27;[39m &amp#27;[37mPOST&amp#27;[39m &amp#27;[37m/session&amp#27;[39m &amp#27;[90m{"capabilities":{"firstMatch":[{}],"alwaysMatch":{"appium:app":"D:/Kuliah/Synrgy-Bootcamp/Chapter 8/Android.SauceLabs.Mobile.Sample.app.2.7.1.apk","appium:appActivity":"com.swaglabsmobileapp.MainActivity","platformName":"ANDROID","appium:automationName":"UIAutomator2","appium:appPackage":"com.swaglabsmobileapp","appium:platformVersion":"8.0","appium:deviceName":"emulator-5554"}}}&amp#27;[39m
&amp#27;[38;5;167m[AppiumDriver@9338]&amp#27;[0m Calling AppiumDriver.createSession() with args: [null,null,{"firstMatch":[{}],"alwaysMatch":{"appium:app":"D:/Kuliah/Synrgy-Bootcamp/Chapter 8/Android.SauceLabs.Mobile.Sample.app.2.7.1.apk","appium:appActivity":"com.swaglabsmobileapp.MainActivity","platformName":"ANDROID","appium:automationName":"UIAutomator2","appium:appPackage":"com.swaglabsmobileapp","appium:platformVersion":"8.0","appium:deviceName":"emulator-5554"}}]
&amp#27;[38;5;167m[AppiumDriver@9338]&amp#27;[0m Event 'newSessionRequested' logged at 1720082692900 (15:44:52 GMT+0700 (Western Indonesia Time))
&amp#27;[38;5;112m[Appium]&amp#27;[0m Attempting to find matching driver for automationName 'UIAutomator2' and platformName 'ANDROID'
&amp#27;[38;5;112m[Appium]&amp#27;[0m The 'uiautomator2' driver was installed and matched caps.
&amp#27;[38;5;112m[Appium]&amp#27;[0m Will require it at C:\Users\user\.appium\node_modules\appium-uiautomator2-driver
&amp#27;[38;5;112m[Appium]&amp#27;[0m Requiring driver at C:\Users\user\.appium\node_modules\appium-uiautomator2-driver\build\index.js
&amp#27;[38;5;167m[AppiumDriver@9338]&amp#27;[0m Appium v2.10.3 creating new AndroidUiautomator2Driver (v2.29.4) session
&amp#27;[38;5;167m[AppiumDriver@9338]&amp#27;[0m Checking BaseDriver versions for Appium and AndroidUiautomator2Driver
&amp#27;[38;5;167m[AppiumDriver@9338]&amp#27;[0m Appium's BaseDriver version is 9.10.3
&amp#27;[38;5;167m[AppiumDriver@9338]&amp#27;[0m AndroidUiautomator2Driver's BaseDriver version is 9.10.3
&amp#27;[38;5;-67m[AndroidUiautomator2Driver@0183]&amp#27;[0m undefined
&amp#27;[38;5;-67m[AndroidUiautomator2Driver@0183]&amp#27;[0m Creating session with W3C capabilities: {
  "alwaysMatch": {
    "platformName": "ANDROID",
    "appium:app": "D:/Kuliah/Synrgy-Bootcamp/Chapter 8/Android.SauceLabs.Mobile.Sample.app.2.7.1.apk",
    "appium:appActivity": "com.swaglabsmobileapp.MainActivity",
    "appium:automationName": "UIAutomator2",
    "appium:appPackage": "com.swaglabsmobileapp",
    "appium:platformVersion": "8.0",
    "appium:deviceName": "emulator-5554"
  },
  "firstMatch": [
    {}
  ]
}
&amp#27;[38;5;-67m[AndroidUiautomator2Driver@0183]&amp#27;[0m The following provided capabilities were not recognized by this driver:
&amp#27;[38;5;-67m[AndroidUiautomator2Driver@0183]&amp#27;[0m   deviceName
&amp#27;[38;5;-67m[AndroidUiautomator2Driver@0183]&amp#27;[0m Session created with session id: b36b4fdb-cc78-469c-9458-72e0ab5c003b
&amp#27;[38;5;123m[BaseDriver]&amp#27;[0m Using local app 'D:/Kuliah/Synrgy-Bootcamp/Chapter 8/Android.SauceLabs.Mobile.Sample.app.2.7.1.apk'
&amp#27;[38;5;-67m[AndroidUiautomator2Driver@0183]&amp#27;[0m Checking whether app is actually present
&amp#27;[38;5;229m[ADB]&amp#27;[0m Using 'adb.exe' from 'D:\SDK\platform-tools\adb.exe'
&amp#27;[38;5;229m[ADB]&amp#27;[0m Running 'D:\SDK\platform-tools\adb.exe -P 5037 start-server'
&amp#27;[38;5;183m[AndroidDriver]&amp#27;[0m Retrieving device list
&amp#27;[38;5;229m[ADB]&amp#27;[0m Trying to find a connected android device
&amp#27;[38;5;229m[ADB]&amp#27;[0m Getting connected devices
&amp#27;[38;5;229m[ADB]&amp#27;[0m Connected devices: [{"udid":"emulator-5554","state":"device"}]
&amp#27;[38;5;183m[AndroidDriver]&amp#27;[0m Looking for a device with Android '8.0.0'
&amp#27;[38;5;229m[ADB]&amp#27;[0m Setting device id to emulator-5554
&amp#27;[38;5;229m[ADB]&amp#27;[0m Getting device platform version
&amp#27;[38;5;229m[ADB]&amp#27;[0m Running 'D:\SDK\platform-tools\adb.exe -P 5037 -s emulator-5554 shell getprop ro.build.version.release'
&amp#27;[38;5;229m[ADB]&amp#27;[0m Current device property 'ro.build.version.release': 8.0.0
&amp#27;[38;5;183m[AndroidDriver]&amp#27;[0m Using device: emulator-5554
&amp#27;[38;5;229m[ADB]&amp#27;[0m Using 'adb.exe' from 'D:\SDK\platform-tools\adb.exe'
&amp#27;[38;5;229m[ADB]&amp#27;[0m Running 'D:\SDK\platform-tools\adb.exe -P 5037 start-server'
&amp#27;[38;5;229m[ADB]&amp#27;[0m Setting device id to emulator-5554
&amp#27;[38;5;229m[ADB]&amp#27;[0m Running 'D:\SDK\platform-tools\adb.exe -P 5037 -s emulator-5554 shell getprop ro.build.version.sdk'
&amp#27;[38;5;229m[ADB]&amp#27;[0m Current device property 'ro.build.version.sdk': 26
&amp#27;[38;5;229m[ADB]&amp#27;[0m Device API level: 26
&amp#27;[38;5;229m[ADB]&amp#27;[0m Running 'D:\SDK\platform-tools\adb.exe -P 5037 -s emulator-5554 wait-for-device'
&amp#27;[38;5;229m[ADB]&amp#27;[0m Running 'D:\SDK\platform-tools\adb.exe -P 5037 -s emulator-5554 shell echo ping'
&amp#27;[38;5;183m[AndroidDriver]&amp#27;[0m Pushing settings apk to device...
&amp#27;[38;5;229m[ADB]&amp#27;[0m Getting package info for 'io.appium.settings'
&amp#27;[38;5;229m[ADB]&amp#27;[0m Running 'D:\SDK\platform-tools\adb.exe -P 5037 -s emulator-5554 shell dumpsys package io.appium.settings'
&amp#27;[38;5;229m[ADB]&amp#27;[0m The version name of the installed 'io.appium.settings' is greater or equal to the application version name ('5.1.0' >= '5.1.0')
&amp#27;[38;5;229m[ADB]&amp#27;[0m There is no need to install/upgrade 'C:\Users\user\.appium\node_modules\appium-uiautomator2-driver\node_modules\io.appium.settings\apks\settings_apk-debug.apk'
&amp#27;[38;5;229m[ADB]&amp#27;[0m Getting IDs of all 'io.appium.settings' processes
&amp#27;[38;5;229m[ADB]&amp#27;[0m Running 'D:\SDK\platform-tools\adb.exe -P 5037 -s emulator-5554 shell 'pgrep --help; echo $?''
&amp#27;[38;5;229m[ADB]&amp#27;[0m Running 'D:\SDK\platform-tools\adb.exe -P 5037 -s emulator-5554 shell 'pgrep ^appium\\.settings$ || pgrep ^io\\.appium\\.setti$''
&amp#27;[38;5;183m[AndroidDriver]&amp#27;[0m io.appium.settings is already running. There is no need to reset its permissions.
&amp#27;[38;5;160m[Logcat]&amp#27;[0m Starting logs capture with command: D:\\SDK\\platform-tools\\adb.exe -P 5037 -s emulator-5554 logcat -v threadtime
&amp#27;[38;5;-67m[AndroidUiautomator2Driver@0183]&amp#27;[0m Forwarding UiAutomator2 Server port 6790 to local port 8224
&amp#27;[38;5;229m[ADB]&amp#27;[0m Forwarding system: 8224 to device: 6790
&amp#27;[38;5;229m[ADB]&amp#27;[0m Running 'D:\SDK\platform-tools\adb.exe -P 5037 -s emulator-5554 forward tcp:8224 tcp:6790'
&amp#27;[38;5;229m[ADB]&amp#27;[0m Checking app cert for C:\Users\user\.appium\node_modules\appium-uiautomator2-driver\node_modules\appium-uiautomator2-server\apks\appium-uiautomator2-server-v5.12.2.apk
&amp#27;[38;5;229m[ADB]&amp#27;[0m Checking app cert for C:\Users\user\.appium\node_modules\appium-uiautomator2-driver\node_modules\appium-uiautomator2-server\apks\appium-uiautomator2-server-debug-androidTest.apk
&amp#27;[38;5;229m[ADB]&amp#27;[0m Using the previously cached signature entry for 'appium-uiautomator2-server-debug-androidTest.apk'
&amp#27;[38;5;229m[ADB]&amp#27;[0m sha256 hash did match for 'appium-uiautomator2-server-debug-androidTest.apk'
&amp#27;[38;5;229m[ADB]&amp#27;[0m Getting install status for io.appium.uiautomator2.server.test
&amp#27;[38;5;229m[ADB]&amp#27;[0m Running 'D:\SDK\platform-tools\adb.exe -P 5037 -s emulator-5554 shell pm path io.appium.uiautomator2.server.test'
&amp#27;[38;5;229m[ADB]&amp#27;[0m Using the previously cached signature entry for 'appium-uiautomator2-server-v5.12.2.apk'
&amp#27;[38;5;229m[ADB]&amp#27;[0m sha256 hash did match for 'appium-uiautomator2-server-v5.12.2.apk'
&amp#27;[38;5;229m[ADB]&amp#27;[0m Getting package info for 'io.appium.uiautomator2.server'
&amp#27;[38;5;229m[ADB]&amp#27;[0m Running 'D:\SDK\platform-tools\adb.exe -P 5037 -s emulator-5554 shell dumpsys package io.appium.uiautomator2.server'
&amp#27;[38;5;229m[ADB]&amp#27;[0m 'io.appium.uiautomator2.server.test' is installed
&amp#27;[38;5;229m[ADB]&amp#27;[0m The version name of the installed 'io.appium.uiautomator2.server' is greater or equal to the application version name ('5.12.2' >= '5.12.2')
&amp#27;[38;5;-67m[AndroidUiautomator2Driver@0183]&amp#27;[0m Server packages status: [{"wasSigned":true,"installState":"sameVersionInstalled","appPath":"C:\\Users\\user\\.appium\\node_modules\\appium-uiautomator2-driver\\node_modules\\appium-uiautomator2-server\\apks\\appium-uiautomator2-server-v5.12.2.apk","appId":"io.appium.uiautomator2.server"},{"wasSigned":true,"installState":"sameVersionInstalled","appPath":"C:\\Users\\user\\.appium\\node_modules\\appium-uiautomator2-driver\\node_modules\\appium-uiautomator2-server\\apks\\appium-uiautomator2-server-debug-androidTest.apk","appId":"io.appium.uiautomator2.server.test"}]
&amp#27;[38;5;-67m[AndroidUiautomator2Driver@0183]&amp#27;[0m Server packages are not going to be (re)installed
&amp#27;[38;5;-67m[AndroidUiautomator2Driver@0183]&amp#27;[0m Waiting up to 30000ms for services to be available
&amp#27;[38;5;229m[ADB]&amp#27;[0m Running 'D:\SDK\platform-tools\adb.exe -P 5037 -s emulator-5554 shell pm list instrumentation'
&amp#27;[38;5;-67m[AndroidUiautomator2Driver@0183]&amp#27;[0m Instrumentation target 'io.appium.uiautomator2.server.test/androidx.test.runner.AndroidJUnitRunner' is available
&amp#27;[38;5;229m[ADB]&amp#27;[0m Adding packages ["io.appium.settings","io.appium.uiautomator2.server","io.appium.uiautomator2.server.test"] to Doze whitelist
&amp#27;[38;5;229m[ADB]&amp#27;[0m Got the following command chunks to execute: [["dumpsys","deviceidle","whitelist","+io.appium.settings",";","dumpsys","deviceidle","whitelist","+io.appium.uiautomator2.server",";","dumpsys","deviceidle","whitelist","+io.appium.uiautomator2.server.test",";"]]
&amp#27;[38;5;229m[ADB]&amp#27;[0m Running 'D:\SDK\platform-tools\adb.exe -P 5037 -s emulator-5554 shell dumpsys deviceidle whitelist +io.appium.settings ; dumpsys deviceidle whitelist +io.appium.uiautomator2.server ; dumpsys deviceidle whitelist +io.appium.uiautomator2.server.test ;'
&amp#27;[38;5;229m[ADB]&amp#27;[0m Checking app cert for D:/Kuliah/Synrgy-Bootcamp/Chapter 8/Android.SauceLabs.Mobile.Sample.app.2.7.1.apk
&amp#27;[38;5;229m[ADB]&amp#27;[0m Using the previously cached signature entry for 'Android.SauceLabs.Mobile.Sample.app.2.7.1.apk'
&amp#27;[38;5;229m[ADB]&amp#27;[0m Getting package info for 'com.swaglabsmobileapp'
&amp#27;[38;5;229m[ADB]&amp#27;[0m Running 'D:\SDK\platform-tools\adb.exe -P 5037 -s emulator-5554 shell dumpsys package com.swaglabsmobileapp'
&amp#27;[38;5;229m[ADB]&amp#27;[0m The version name of the installed 'com.swaglabsmobileapp' is greater or equal to the application version name ('2.7.1' >= '2.7.1')
&amp#27;[38;5;229m[ADB]&amp#27;[0m There is no need to install/upgrade 'D:/Kuliah/Synrgy-Bootcamp/Chapter 8/Android.SauceLabs.Mobile.Sample.app.2.7.1.apk'
&amp#27;[38;5;183m[AndroidDriver]&amp#27;[0m Performing fast reset on 'com.swaglabsmobileapp'
&amp#27;[38;5;229m[ADB]&amp#27;[0m Getting install status for com.swaglabsmobileapp
&amp#27;[38;5;229m[ADB]&amp#27;[0m Running 'D:\SDK\platform-tools\adb.exe -P 5037 -s emulator-5554 shell pm path com.swaglabsmobileapp'
&amp#27;[38;5;229m[ADB]&amp#27;[0m 'com.swaglabsmobileapp' is installed
&amp#27;[38;5;229m[ADB]&amp#27;[0m Running 'D:\SDK\platform-tools\adb.exe -P 5037 -s emulator-5554 shell am force-stop com.swaglabsmobileapp'
&amp#27;[38;5;229m[ADB]&amp#27;[0m Running 'D:\SDK\platform-tools\adb.exe -P 5037 -s emulator-5554 shell pm clear com.swaglabsmobileapp'
&amp#27;[38;5;183m[AndroidDriver]&amp#27;[0m Performed fast reset on the installed 'com.swaglabsmobileapp' application (stop and clear)
&amp#27;[38;5;-67m[AndroidUiautomator2Driver@0183]&amp#27;[0m Performing shallow cleanup of automation leftovers
&amp#27;[38;5;-67m[AndroidUiautomator2Driver@0183]&amp#27;[0m No obsolete sessions have been detected
&amp#27;[38;5;229m[ADB]&amp#27;[0m Running 'D:\SDK\platform-tools\adb.exe -P 5037 -s emulator-5554 shell am force-stop io.appium.uiautomator2.server.test'
&amp#27;[38;5;112m[Appium]&amp#27;[0m Welcome to Appium v2.10.3
&amp#27;[38;5;-67m[AndroidUiautomator2Driver@0183]&amp#27;[0m Starting UIAutomator2 server 5.12.2
&amp#27;[38;5;-67m[AndroidUiautomator2Driver@0183]&amp#27;[0m Using UIAutomator2 server from 'C:\Users\user\.appium\node_modules\appium-uiautomator2-driver\node_modules\appium-uiautomator2-server\apks\appium-uiautomator2-server-v5.12.2.apk' and test from 'C:\Users\user\.appium\node_modules\appium-uiautomator2-driver\node_modules\appium-uiautomator2-server\apks\appium-uiautomator2-server-debug-androidTest.apk'
&amp#27;[38;5;112m[Appium]&amp#27;[0m The autodetected Appium home path: C:\Users\user\.appium
&amp#27;[38;5;-67m[AndroidUiautomator2Driver@0183]&amp#27;[0m Waiting up to 30000ms for UiAutomator2 to be online...
&amp#27;[38;5;229m[ADB]&amp#27;[0m Creating ADB subprocess with args: ["-P","5037","-s","emulator-5554","shell","am","instrument","-w","-e","disableAnalytics",true,"io.appium.uiautomator2.server.test/androidx.test.runner.AndroidJUnitRunner"]
&amp#27;[38;5;112m[Appium]&amp#27;[0m Attempting to load driver uiautomator2...
&amp#27;[38;5;112m[Appium]&amp#27;[0m Requiring driver at C:\Users\user\.appium\node_modules\appium-uiautomator2-driver\build\index.js
&amp#27;[38;5;-67m[AndroidUiautomator2Driver@0183]&amp#27;[0m Matched '/status' to command name 'getStatus'
&amp#27;[38;5;-67m[AndroidUiautomator2Driver@0183]&amp#27;[0m Proxying [GET /status] to [GET http://127.0.0.1:8224/status] with no body
&amp#27;[38;5;-67m[AndroidUiautomator2Driver@0183]&amp#27;[0m Got response with status 200: {"sessionId":"None","value":{"message":"UiAutomator2 Server is ready to accept commands","ready":true}}
&amp#27;[38;5;-67m[AndroidUiautomator2Driver@0183]&amp#27;[0m The initialization of the instrumentation process took 46ms
&amp#27;[38;5;-67m[AndroidUiautomator2Driver@0183]&amp#27;[0m Matched '/session' to command name 'createSession'
&amp#27;[38;5;-67m[AndroidUiautomator2Driver@0183]&amp#27;[0m Proxying [POST /session] to [POST http://127.0.0.1:8224/session] with body: {"capabilities":{"firstMatch":[{"platform":"LINUX","webStorageEnabled":false,"takesScreenshot":true,"javascriptEnabled":true,"databaseEnabled":false,"networkConnectionEnabled":true,"locationContextEnabled":false,"warnings":{},"desired":{"platformName":"ANDROID","app":"D:/Kuliah/Synrgy-Bootcamp/Chapter 8/Android.SauceLabs.Mobile.Sample.app.2.7.1.apk","appActivity":"com.swaglabsmobileapp.MainActivity","automationName":"UIAutomator2","appPackage":"com.swaglabsmobileapp","platformVersion":"8.0","deviceName":"emulator-5554"},"platformName":"ANDROID","app":"D:/Kuliah/Synrgy-Bootcamp/Chapter 8/Android.SauceLabs.Mobile.Sample.app.2.7.1.apk","appActivity":"com.swaglabsmobileapp.MainActivity","automationName":"UIAutomator2","appPackage":"com.swaglabsmobileapp","platformVersion":"8.0","deviceName":"emulator-5554","deviceUDID":"emulator-5554"}],"alwaysMatch":{}}}
&amp#27;[38;5;-67m[AndroidUiautomator2Driver@0183]&amp#27;[0m Got response with status 200: {"sessionId":"f53a071a-fe24-4b40-ad2b-69d0c3a39c93","value":{"capabilities":{"firstMatch":[{"platform":"LINUX","webStorageEnabled":false,"takesScreenshot":true,"javascriptEnabled":true,"databaseEnabled":false,"networkConnectionEnabled":true,"locationContextEnabled":false,"warnings":{},"desired":{"platformName":"ANDROID","app":"D:/Kuliah/Synrgy-Bootcamp/Chapter 8/Android.SauceLabs.Mobile.Sample.app.2.7.1.apk","appActivity":"com.swaglabsmobileapp.MainActivity","automationName":"UIAutomator2","appPackage":"com.swaglabsmobileapp","platformVersion":"8.0","deviceName":"emulator-5554"},"platformName":"ANDROID","app":"D:/Kuliah/Synrgy-Bootcamp/Chapter 8/Android.SauceLabs.Mobile.Sample.app.2.7.1.apk","appActivity":"com.swaglabsmobileapp.MainActivity","automationName":"UIAutomator2","appPackage":"com.swaglabsmobileapp","platformVersion":"8.0","deviceName":"emulator-5554","deviceUDID":"emulator-5554"}],"alwaysMatch":{}},"sessionId":"f53a071a-fe24-4b40-ad2b-69d0c3a39c93"}}
&amp#27;[38;5;-67m[AndroidUiautomator2Driver@0183]&amp#27;[0m Determined the downstream protocol as 'W3C'
&amp#27;[38;5;-67m[AndroidUiautomator2Driver@0183]&amp#27;[0m Proxying [GET /appium/device/info] to [GET http://127.0.0.1:8224/session/f53a071a-fe24-4b40-ad2b-69d0c3a39c93/appium/device/info] with no body
&amp#27;[38;5;-67m[AndroidUiautomator2Driver@0183]&amp#27;[0m Got response with status 200: {"sessionId":"f53a071a-fe24-4b40-ad2b-69d0c3a39c93","value":{"androidId":"f3b3595becb760d5","apiVersion":"26","bluetooth":null,"brand":"google","carrierName":"Android","displayDensity":560,"locale":"en_US","manufacturer":"Google","model":"Android SDK built for x86","networks":[{"capabilities":{"SSID":null,"linkDownBandwidthKbps":102400,"linkUpstreamBandwidthKbps":51200,"networkCapabilities":"NET_CAPABILITY_MMS,NET_CAPABILITY_SUPL,NET_CAPABILITY_FOTA,NET_CAPABILITY_IMS,NET_CAPABILITY_CBS,NET_CAPABILITY_IA,NET_CAPABILITY_INTERNET,NET_CAPABILITY_NOT_RESTRICTED,NET_CAPABILITY_TRUSTED,NET_CAPABILITY_NOT_VPN,NET_CAPABILITY_VALIDATED","signalStrength":-2147483648,"transportTypes":"TRANSPORT_CELLULAR"},"detailedState":"CONNECTED","extraInfo":"epc.tmobile.com","isAvailable":true,"isConnected":true,"isFailover":false,"isRoaming":false,"state":"CONNECTED","subtype":13,"subtypeName":"LTE","type":0,"typeName":"MOBILE"},{"capabilities":{"SSID":null,"linkDownBandwidthKbps":1048576,"linkUpstreamBandwidthKbps":1048576,"net...
&amp#27;[38;5;229m[ADB]&amp#27;[0m Running 'D:\SDK\platform-tools\adb.exe -P 5037 -s emulator-5554 shell dumpsys window'
&amp#27;[38;5;112m[Appium]&amp#27;[0m AndroidUiautomator2Driver has been successfully loaded in 1.360s
&amp#27;[38;5;86m[HTTP]&amp#27;[0m Could not start REST http interface listener. The requested port may already be in use. Please make sure there is no other instance of this server running already.
&amp#27;[38;5;112m[Appium]&amp#27;[0m Could not configure Appium server. It's possible that a driver or plugin tried to update the server and failed. Original error: listen EADDRINUSE: address already in use 0.0.0.0:4723
&amp#27;[38;5;112m[Appium]&amp#27;[0m Error: listen EADDRINUSE: address already in use 0.0.0.0:4723
    at Server.setupListenHandle [as _listen2] (node:net:1751:16)
    at listenInCluster (node:net:1799:12)
    at doListen (node:net:1948:7)
    at processTicksAndRejections (node:internal/process/task_queues:83:21)
&amp#27;[38;5;183m[AndroidDriver]&amp#27;[0m Screen already unlocked, doing nothing
&amp#27;[38;5;-67m[AndroidUiautomator2Driver@0183]&amp#27;[0m Starting 'com.swaglabsmobileapp/com.swaglabsmobileapp.MainActivity and waiting for 'com.swaglabsmobileapp/com.swaglabsmobileapp.MainActivity'
&amp#27;[38;5;229m[ADB]&amp#27;[0m Running 'D:\SDK\platform-tools\adb.exe -P 5037 -s emulator-5554 shell am start -W -n com.swaglabsmobileapp/com.swaglabsmobileapp.MainActivity -S -a android.intent.action.MAIN -c android.intent.category.LAUNCHER -f 0x10200000'
&amp#27;[38;5;74m[Instrumentation]&amp#27;[0m INSTRUMENTATION_RESULT: shortMsg=Process crashed.
INSTRUMENTATION_CODE: 0
&amp#27;[38;5;74m[Instrumentation]&amp#27;[0m The process has exited with code 0
&amp#27;[38;5;74m[Instrumentation]&amp#27;[0m io.appium.uiautomator2.server.test.AppiumUiAutomator2Server:
&amp#27;[38;5;-67m[AndroidUiautomator2Driver@0183]&amp#27;[0m Proxying [GET /appium/device/pixel_ratio] to [GET http://127.0.0.1:8224/session/f53a071a-fe24-4b40-ad2b-69d0c3a39c93/appium/device/pixel_ratio] with no body
&amp#27;[38;5;-67m[AndroidUiautomator2Driver@0183]&amp#27;[0m Got response with status 404: {"sessionId":"f53a071a-fe24-4b40-ad2b-69d0c3a39c93","value":{"error":"invalid session id","message":"The session identified by f53a071a-fe24-4b40-ad2b-69d0c3a39c93 is not known","stacktrace":"io.appium.uiautomator2.common.exceptions.NoSuchDriverException: The session identified by f53a071a-fe24-4b40-ad2b-69d0c3a39c93 is not known\n\tat io.appium.uiautomator2.handler.request.SafeRequestHandler.handle(SafeRequestHandler.java:54)\n\tat io.appium.uiautomator2.server.AppiumServlet.handleRequest(AppiumServlet.java:277)\n\tat io.appium.uiautomator2.server.AppiumServlet.handleHttpRequest(AppiumServlet.java:271)\n\tat io.appium.uiautomator2.http.ServerHandler.channelRead(ServerHandler.java:68)\n\tat io.netty.channel.AbstractChannelHandlerContext.invokeChannelRead(AbstractChannelHandlerContext.java:366)\n\tat io.netty.channel.AbstractChannelHandlerContext.invokeChannelRead(AbstractChannelHandlerContext.java:352)\n\tat io.netty.channel.AbstractChannelHandlerContext.fireChannelRead(AbstractChannelHandlerContext.java:3...
&amp#27;[38;5;123m[W3C]&amp#27;[0m Matched W3C error code 'invalid session id' to NoSuchDriverError
&amp#27;[38;5;-67m[AndroidUiautomator2Driver@0183]&amp#27;[0m Deleting UiAutomator2 session
&amp#27;[38;5;-67m[AndroidUiautomator2Driver@0183]&amp#27;[0m Deleting UiAutomator2 server session
&amp#27;[38;5;-67m[AndroidUiautomator2Driver@0183]&amp#27;[0m Matched '/' to command name 'deleteSession'
&amp#27;[38;5;-67m[AndroidUiautomator2Driver@0183]&amp#27;[0m Proxying [DELETE /] to [DELETE http://127.0.0.1:8224/session/f53a071a-fe24-4b40-ad2b-69d0c3a39c93] with no body
&amp#27;[38;5;-67m[AndroidUiautomator2Driver@0183]&amp#27;[0m Got response with status 404: {"sessionId":"f53a071a-fe24-4b40-ad2b-69d0c3a39c93","value":{"error":"invalid session id","message":"The session identified by f53a071a-fe24-4b40-ad2b-69d0c3a39c93 is not known","stacktrace":"io.appium.uiautomator2.common.exceptions.NoSuchDriverException: The session identified by f53a071a-fe24-4b40-ad2b-69d0c3a39c93 is not known\n\tat io.appium.uiautomator2.handler.request.SafeRequestHandler.handle(SafeRequestHandler.java:54)\n\tat io.appium.uiautomator2.server.AppiumServlet.handleRequest(AppiumServlet.java:277)\n\tat io.appium.uiautomator2.server.AppiumServlet.handleHttpRequest(AppiumServlet.java:271)\n\tat io.appium.uiautomator2.http.ServerHandler.channelRead(ServerHandler.java:68)\n\tat io.netty.channel.AbstractChannelHandlerContext.invokeChannelRead(AbstractChannelHandlerContext.java:366)\n\tat io.netty.channel.AbstractChannelHandlerContext.invokeChannelRead(AbstractChannelHandlerContext.java:352)\n\tat io.netty.channel.AbstractChannelHandlerContext.fireChannelRead(AbstractChannelHandlerContext.java:3...
&amp#27;[38;5;123m[W3C]&amp#27;[0m Matched W3C error code 'invalid session id' to NoSuchDriverError
&amp#27;[38;5;-67m[AndroidUiautomator2Driver@0183]&amp#27;[0m Did not get confirmation UiAutomator2 deleteSession worked; Error was: NoSuchDriverError: The session identified by f53a071a-fe24-4b40-ad2b-69d0c3a39c93 is not known
&amp#27;[38;5;229m[ADB]&amp#27;[0m Running 'D:\SDK\platform-tools\adb.exe -P 5037 -s emulator-5554 shell am force-stop com.swaglabsmobileapp'
&amp#27;[38;5;160m[Logcat]&amp#27;[0m Stopping logcat capture
&amp#27;[38;5;229m[ADB]&amp#27;[0m Removing forwarded port socket connection: 8224 
&amp#27;[38;5;229m[ADB]&amp#27;[0m Running 'D:\SDK\platform-tools\adb.exe -P 5037 -s emulator-5554 forward --remove tcp:8224'
&amp#27;[38;5;167m[AppiumDriver@9338]&amp#27;[0m Event 'newSessionStarted' logged at 1720082700492 (15:45:00 GMT+0700 (Western Indonesia Time))
&amp#27;[38;5;167m[AppiumDriver@9338]&amp#27;[0m Encountered internal error running command: io.appium.uiautomator2.common.exceptions.NoSuchDriverException: The session identified by f53a071a-fe24-4b40-ad2b-69d0c3a39c93 is not known
	at io.appium.uiautomator2.handler.request.SafeRequestHandler.handle(SafeRequestHandler.java:54)
	at io.appium.uiautomator2.server.AppiumServlet.handleRequest(AppiumServlet.java:277)
	at io.appium.uiautomator2.server.AppiumServlet.handleHttpRequest(AppiumServlet.java:271)
	at io.appium.uiautomator2.http.ServerHandler.channelRead(ServerHandler.java:68)
	at io.netty.channel.AbstractChannelHandlerContext.invokeChannelRead(AbstractChannelHandlerContext.java:366)
	at io.netty.channel.AbstractChannelHandlerContext.invokeChannelRead(AbstractChannelHandlerContext.java:352)
	at io.netty.channel.AbstractChannelHandlerContext.fireChannelRead(AbstractChannelHandlerContext.java:345)
	at io.netty.handler.codec.MessageToMessageDecoder.channelRead(MessageToMessageDecoder.java:102)
	at io.netty.channel.AbstractChannelHandlerContext.invokeChannelRead(AbstractChannelHandlerContext.java:366)
	at io.netty.channel.AbstractChannelHandlerContext.invokeChannelRead(AbstractChannelHandlerContext.java:352)
	at io.netty.channel.AbstractChannelHandlerContext.fireChannelRead(AbstractChannelHandlerContext.java:345)
	at io.netty.channel.CombinedChannelDuplexHandler$DelegatingChannelHandlerContext.fireChannelRead(CombinedChannelDuplexHandler.java:435)
	at io.netty.handler.codec.ByteToMessageDecoder.fireChannelRead(ByteToMessageDecoder.java:293)
	at io.netty.handler.codec.ByteToMessageDecoder.channelRead(ByteToMessageDecoder.java:267)
	at io.netty.channel.CombinedChannelDuplexHandler.channelRead(CombinedChannelDuplexHandler.java:250)
	at io.netty.channel.AbstractChannelHandlerContext.invokeChannelRead(AbstractChannelHandlerContext.java:366)
	at io.netty.channel.AbstractChannelHandlerContext.invokeChannelRead(AbstractChannelHandlerContext.java:352)
	at io.netty.channel.AbstractChannelHandlerContext.fireChannelRead(AbstractChannelHandlerContext.java:345)
	at io.netty.handler.timeout.IdleStateHandler.channelRead(IdleStateHandler.java:266)
	at io.netty.channel.AbstractChannelHandlerContext.invokeChannelRead(AbstractChannelHandlerContext.java:366)
	at io.netty.channel.AbstractChannelHandlerContext.invokeChannelRead(AbstractChannelHandlerContext.java:352)
	at io.netty.channel.AbstractChannelHandlerContext.fireChannelRead(AbstractChannelHandlerContext.java:345)
	at io.netty.channel.DefaultChannelPipeline$HeadContext.channelRead(DefaultChannelPipeline.java:1294)
	at io.netty.channel.AbstractChannelHandlerContext.invokeChannelRead(AbstractChannelHandlerContext.java:366)
	at io.netty.channel.AbstractChannelHandlerContext.invokeChannelRead(AbstractChannelHandlerContext.java:352)
	at io.netty.channel.DefaultChannelPipeline.fireChannelRead(DefaultChannelPipeline.java:911)
	at io.netty.channel.nio.AbstractNioByteChannel$NioByteUnsafe.read(AbstractNioByteChannel.java:131)
	at io.netty.channel.nio.NioEventLoop.processSelectedKey(NioEventLoop.java:611)
	at io.netty.channel.nio.NioEventLoop.processSelectedKeysOptimized(NioEventLoop.java:552)
	at io.netty.channel.nio.NioEventLoop.processSelectedKeys(NioEventLoop.java:466)
	at io.netty.channel.nio.NioEventLoop.run(NioEventLoop.java:438)
	at io.netty.util.concurrent.SingleThreadEventExecutor$2.run(SingleThreadEventExecutor.java:140)
	at io.netty.util.concurrent.DefaultThreadFactory$DefaultRunnableDecorator.run(DefaultThreadFactory.java:144)
	at java.lang.Thread.run(Thread.java:764)

&amp#27;[38;5;86m[HTTP]&amp#27;[0m &amp#27;[37m<-- POST /session &amp#27;[39m&amp#27;[33m404&amp#27;[39m &amp#27;[90m7596 ms - 3691&amp#27;[39m &amp#27;[90m&amp#27;[39m
]]></system-out>
  </testcase>
</testsuite>