-------------------------------------------------------------------------------
Test set: TestSuite
-------------------------------------------------------------------------------
Tests run: 7, Failures: 2, Errors: 0, Skipped: 5, Time elapsed: 27.94 s <<< FAILURE! -- in TestSuite
SwagLabs_Mobile.testing.InvalidLoginTest.setUp -- Time elapsed: 17.46 s <<< FAILURE!
org.openqa.selenium.SessionNotCreatedException: 
Could not start a new session. Response code 500. Message: An unknown server-side error occurred while processing the command. Original error: Could not proxy command to the remote server. Original error: socket hang up 
Host info: host: 'DESKTOP-4FFJMPG', ip: '172.27.69.231'
Build info: version: '4.20.0', revision: '866c76ca80'
System info: os.name: 'Windows 10', os.arch: 'amd64', os.version: '10.0', java.version: '17.0.6'
Driver info: io.appium.java_client.android.AndroidDriver
Command: [null, newSession {desiredCapabilities=Capabilities {app: D:/Kuliah/Synrgy-Bootcamp/C..., appActivity: com.swaglabsmobileapp.MainA..., appPackage: com.swaglabsmobileapp, automationName: UIAutomator2, deviceName: emulator-5554, platformName: ANDROID, platformVersion: 8.0}, capabilities=[{appium:deviceName=emulator-5554, appium:appActivity=com.swaglabsmobileapp.MainActivity, appium:automationName=UIAutomator2, platformName=ANDROID, appium:appPackage=com.swaglabsmobileapp, appium:platformVersion=8.0, appium:app=D:/Kuliah/Synrgy-Bootcamp/Chapter 8/Android.SauceLabs.Mobile.Sample.app.2.7.1.apk}]}]
Capabilities {app: D:/Kuliah/Synrgy-Bootcamp/C..., appActivity: com.swaglabsmobileapp.MainA..., appPackage: com.swaglabsmobileapp, automationName: UIAutomator2, deviceName: emulator-5554, platformName: ANDROID, platformVersion: 8.0}
	at org.openqa.selenium.remote.ProtocolHandshake.createSession(ProtocolHandshake.java:114)
	at java.base/jdk.internal.reflect.NativeMethodAccessorImpl.invoke0(Native Method)
	at java.base/jdk.internal.reflect.NativeMethodAccessorImpl.invoke(NativeMethodAccessorImpl.java:77)
	at java.base/jdk.internal.reflect.DelegatingMethodAccessorImpl.invoke(DelegatingMethodAccessorImpl.java:43)
	at java.base/java.lang.reflect.Method.invoke(Method.java:568)
	at io.appium.java_client.remote.AppiumProtocolHandshake.createSession(AppiumProtocolHandshake.java:116)
	at io.appium.java_client.remote.AppiumProtocolHandshake.createSession(AppiumProtocolHandshake.java:96)
	at io.appium.java_client.remote.AppiumCommandExecutor.createSession(AppiumCommandExecutor.java:176)
	at io.appium.java_client.remote.AppiumCommandExecutor.execute(AppiumCommandExecutor.java:237)
	at org.openqa.selenium.remote.RemoteWebDriver.execute(RemoteWebDriver.java:518)
	at io.appium.java_client.AppiumDriver.startSession(AppiumDriver.java:268)
	at org.openqa.selenium.remote.RemoteWebDriver.<init>(RemoteWebDriver.java:161)
	at io.appium.java_client.AppiumDriver.<init>(AppiumDriver.java:90)
	at io.appium.java_client.AppiumDriver.<init>(AppiumDriver.java:113)
	at io.appium.java_client.AppiumDriver.<init>(AppiumDriver.java:138)
	at io.appium.java_client.android.AndroidDriver.<init>(AndroidDriver.java:232)
	at SwagLabs_Mobile.testing.InvalidLoginTest.setUp(InvalidLoginTest.java:25)
	at java.base/jdk.internal.reflect.NativeMethodAccessorImpl.invoke0(Native Method)
	at java.base/jdk.internal.reflect.NativeMethodAccessorImpl.invoke(NativeMethodAccessorImpl.java:77)
	at java.base/jdk.internal.reflect.DelegatingMethodAccessorImpl.invoke(DelegatingMethodAccessorImpl.java:43)
	at java.base/java.lang.reflect.Method.invoke(Method.java:568)
	at org.testng.internal.invokers.MethodInvocationHelper.invokeMethod(MethodInvocationHelper.java:139)
	at org.testng.internal.invokers.MethodInvocationHelper.invokeMethodConsideringTimeout(MethodInvocationHelper.java:69)
	at org.testng.internal.invokers.ConfigInvoker.invokeConfigurationMethod(ConfigInvoker.java:393)
	at org.testng.internal.invokers.ConfigInvoker.invokeConfigurations(ConfigInvoker.java:326)
	at org.testng.TestRunner.invokeTestConfigurations(TestRunner.java:661)
	at org.testng.TestRunner.beforeRun(TestRunner.java:650)
	at org.testng.TestRunner.run(TestRunner.java:612)
	at org.testng.SuiteRunner.runTest(SuiteRunner.java:443)
	at org.testng.SuiteRunner.runSequentially(SuiteRunner.java:437)
	at org.testng.SuiteRunner.privateRun(SuiteRunner.java:397)
	at org.testng.SuiteRunner.run(SuiteRunner.java:336)
	at org.testng.SuiteRunnerWorker.runSuite(SuiteRunnerWorker.java:52)
	at org.testng.SuiteRunnerWorker.run(SuiteRunnerWorker.java:95)
	at org.testng.TestNG.runSuitesSequentially(TestNG.java:1301)
	at org.testng.TestNG.runSuitesLocally(TestNG.java:1228)
	at org.testng.TestNG.runSuites(TestNG.java:1134)
	at org.testng.TestNG.run(TestNG.java:1101)
	at org.apache.maven.surefire.testng.TestNGExecutor.run(TestNGExecutor.java:155)
	at org.apache.maven.surefire.testng.TestNGDirectoryTestSuite.executeMulti(TestNGDirectoryTestSuite.java:169)
	at org.apache.maven.surefire.testng.TestNGDirectoryTestSuite.execute(TestNGDirectoryTestSuite.java:88)
	at org.apache.maven.surefire.testng.TestNGProvider.invoke(TestNGProvider.java:137)
	at org.apache.maven.surefire.booter.ForkedBooter.runSuitesInProcess(ForkedBooter.java:385)
	at org.apache.maven.surefire.booter.ForkedBooter.execute(ForkedBooter.java:162)
	at org.apache.maven.surefire.booter.ForkedBooter.run(ForkedBooter.java:507)
	at org.apache.maven.surefire.booter.ForkedBooter.main(ForkedBooter.java:495)

SwagLabs_Mobile.TestRunner.setUpClass[org.testng.TestRunner@76adb233](0) -- Time elapsed: 10.17 s <<< FAILURE!
org.openqa.selenium.SessionNotCreatedException: 
Could not start a new session. Response code 404. Message: The session identified by f53a071a-fe24-4b40-ad2b-69d0c3a39c93 is not known 
Host info: host: 'DESKTOP-4FFJMPG', ip: '172.27.69.231'
Build info: version: '4.20.0', revision: '866c76ca80'
System info: os.name: 'Windows 10', os.arch: 'amd64', os.version: '10.0', java.version: '17.0.6'
Driver info: io.appium.java_client.android.AndroidDriver
Command: [null, newSession {desiredCapabilities=Capabilities {app: D:/Kuliah/Synrgy-Bootcamp/C..., appActivity: com.swaglabsmobileapp.MainA..., appPackage: com.swaglabsmobileapp, automationName: UIAutomator2, deviceName: emulator-5554, platformName: ANDROID, platformVersion: 8.0}, capabilities=[{appium:deviceName=emulator-5554, appium:appActivity=com.swaglabsmobileapp.MainActivity, appium:automationName=UIAutomator2, platformName=ANDROID, appium:appPackage=com.swaglabsmobileapp, appium:platformVersion=8.0, appium:app=D:/Kuliah/Synrgy-Bootcamp/Chapter 8/Android.SauceLabs.Mobile.Sample.app.2.7.1.apk}]}]
Capabilities {app: D:/Kuliah/Synrgy-Bootcamp/C..., appActivity: com.swaglabsmobileapp.MainA..., appPackage: com.swaglabsmobileapp, automationName: UIAutomator2, deviceName: emulator-5554, platformName: ANDROID, platformVersion: 8.0}
	at org.openqa.selenium.remote.ProtocolHandshake.createSession(ProtocolHandshake.java:114)
	at java.base/jdk.internal.reflect.NativeMethodAccessorImpl.invoke0(Native Method)
	at java.base/jdk.internal.reflect.NativeMethodAccessorImpl.invoke(NativeMethodAccessorImpl.java:77)
	at java.base/jdk.internal.reflect.DelegatingMethodAccessorImpl.invoke(DelegatingMethodAccessorImpl.java:43)
	at java.base/java.lang.reflect.Method.invoke(Method.java:568)
	at io.appium.java_client.remote.AppiumProtocolHandshake.createSession(AppiumProtocolHandshake.java:116)
	at io.appium.java_client.remote.AppiumProtocolHandshake.createSession(AppiumProtocolHandshake.java:96)
	at io.appium.java_client.remote.AppiumCommandExecutor.createSession(AppiumCommandExecutor.java:176)
	at io.appium.java_client.remote.AppiumCommandExecutor.execute(AppiumCommandExecutor.java:237)
	at org.openqa.selenium.remote.RemoteWebDriver.execute(RemoteWebDriver.java:518)
	at io.appium.java_client.AppiumDriver.startSession(AppiumDriver.java:268)
	at org.openqa.selenium.remote.RemoteWebDriver.<init>(RemoteWebDriver.java:161)
	at io.appium.java_client.AppiumDriver.<init>(AppiumDriver.java:90)
	at io.appium.java_client.AppiumDriver.<init>(AppiumDriver.java:113)
	at io.appium.java_client.AppiumDriver.<init>(AppiumDriver.java:138)
	at io.appium.java_client.android.AndroidDriver.<init>(AndroidDriver.java:232)
	at SwagLabs_Mobile.testing.ValidLoginTest.setUp(ValidLoginTest.java:27)
	at SwagLabs_Mobile.CucumberHooks.setUp(CucumberHooks.java:11)

